Apr 28 00:05:15 
Apr 28 00:05:15 🔔东东健康社区收集能量收集, 开始!
Apr 28 00:05:15 
Apr 28 00:05:15 ====================共3个京东账号Cookie=========
Apr 28 00:05:15 
Apr 28 00:05:15 ==================脚本执行- 北京时间(UTC+8)：4/28/2021, 12:05:15 AM=====================
Apr 28 00:05:15 
Apr 28 00:05:15 
Apr 28 00:05:15 ******开始【京东账号1】dongjun613*********
Apr 28 00:05:15 
Apr 28 00:05:15 任务完成成功，获得：476能量
Apr 28 00:05:15 
Apr 28 00:05:15 ******开始【京东账号2】dongjuncly*********
Apr 28 00:05:15 
Apr 28 00:05:15 任务完成成功，获得：476能量
Apr 28 00:05:15 
Apr 28 00:05:15 ******开始【京东账号3】jd_5ae6176884a9d*********
Apr 28 00:05:15 
Apr 28 00:05:16 任务完成成功，获得：476能量
Apr 28 00:05:16 
Apr 28 00:05:16 🔔东东健康社区收集能量收集, 结束! 🕛 0.696 秒
Apr 28 00:05:16 
Apr 28 00:25:00 
Apr 28 00:25:00 🔔东东健康社区收集能量收集, 开始!
Apr 28 00:25:00 
Apr 28 00:25:00 ====================共3个京东账号Cookie=========
Apr 28 00:25:00 
Apr 28 00:25:00 ==================脚本执行- 北京时间(UTC+8)：4/28/2021, 12:25:00 AM=====================
Apr 28 00:25:00 
Apr 28 00:25:00 
Apr 28 00:25:00 ******开始【京东账号1】dongjun613*********
Apr 28 00:25:00 
Apr 28 00:25:00 任务完成成功，获得：472能量
Apr 28 00:25:00 
Apr 28 00:25:00 ******开始【京东账号2】dongjuncly*********
Apr 28 00:25:00 
Apr 28 00:25:00 任务完成成功，获得：472能量
Apr 28 00:25:00 
Apr 28 00:25:00 ******开始【京东账号3】jd_5ae6176884a9d*********
Apr 28 00:25:00 
Apr 28 00:25:01 任务完成成功，获得：474能量
Apr 28 00:25:01 
Apr 28 00:25:01 🔔东东健康社区收集能量收集, 结束! 🕛 0.674 秒
Apr 28 00:25:01 
Apr 28 00:45:11 
Apr 28 00:45:11 🔔东东健康社区收集能量收集, 开始!
Apr 28 00:45:11 
Apr 28 00:45:11 ====================共3个京东账号Cookie=========
Apr 28 00:45:11 
Apr 28 00:45:11 ==================脚本执行- 北京时间(UTC+8)：4/28/2021, 12:45:11 AM=====================
Apr 28 00:45:11 
Apr 28 00:45:11 
Apr 28 00:45:11 ******开始【京东账号1】dongjun613*********
Apr 28 00:45:11 
Apr 28 00:45:11 任务完成成功，获得：480能量
Apr 28 00:45:11 
Apr 28 00:45:11 ******开始【京东账号2】dongjuncly*********
Apr 28 00:45:11 
Apr 28 00:45:11 任务完成成功，获得：480能量
Apr 28 00:45:11 
Apr 28 00:45:11 ******开始【京东账号3】jd_5ae6176884a9d*********
Apr 28 00:45:11 
Apr 28 00:45:12 任务完成成功，获得：480能量
Apr 28 00:45:12 
Apr 28 00:45:12 🔔东东健康社区收集能量收集, 结束! 🕛 0.678 秒
Apr 28 00:45:12 
Apr 28 01:05:09 
Apr 28 01:05:09 🔔东东健康社区收集能量收集, 开始!
Apr 28 01:05:09 
Apr 28 01:05:09 ====================共3个京东账号Cookie=========
Apr 28 01:05:09 
Apr 28 01:05:09 ==================脚本执行- 北京时间(UTC+8)：4/28/2021, 1:05:09 AM=====================
Apr 28 01:05:09 
Apr 28 01:05:09 
Apr 28 01:05:09 ******开始【京东账号1】dongjun613*********
Apr 28 01:05:09 
Apr 28 01:05:09 任务完成成功，获得：478能量
Apr 28 01:05:09 
Apr 28 01:05:09 ******开始【京东账号2】dongjuncly*********
Apr 28 01:05:09 
Apr 28 01:05:09 任务完成成功，获得：478能量
Apr 28 01:05:09 
Apr 28 01:05:09 ******开始【京东账号3】jd_5ae6176884a9d*********
Apr 28 01:05:09 
Apr 28 01:05:10 任务完成成功，获得：478能量
Apr 28 01:05:10 
Apr 28 01:05:10 🔔东东健康社区收集能量收集, 结束! 🕛 0.651 秒
Apr 28 01:05:10 
Apr 28 01:25:28 
Apr 28 01:25:28 🔔东东健康社区收集能量收集, 开始!
Apr 28 01:25:28 
Apr 28 01:25:28 ====================共3个京东账号Cookie=========
Apr 28 01:25:28 
Apr 28 01:25:28 ==================脚本执行- 北京时间(UTC+8)：4/28/2021, 1:25:28 AM=====================
Apr 28 01:25:28 
Apr 28 01:25:28 
Apr 28 01:25:28 ******开始【京东账号1】dongjun613*********
Apr 28 01:25:28 
Apr 28 01:25:28 任务完成成功，获得：248能量
Apr 28 01:25:28 
Apr 28 01:25:28 ******开始【京东账号2】dongjuncly*********
Apr 28 01:25:28 
Apr 28 01:25:28 任务完成成功，获得：194能量
Apr 28 01:25:28 
Apr 28 01:25:28 ******开始【京东账号3】jd_5ae6176884a9d*********
Apr 28 01:25:28 
Apr 28 01:25:29 任务完成成功，获得：138能量
Apr 28 01:25:29 
Apr 28 01:25:29 🔔东东健康社区收集能量收集, 结束! 🕛 0.705 秒
Apr 28 01:25:29 
Apr 28 01:45:07 
Apr 28 01:45:07 🔔东东健康社区收集能量收集, 开始!
Apr 28 01:45:07 
Apr 28 01:45:07 ====================共3个京东账号Cookie=========
Apr 28 01:45:07 
Apr 28 01:45:07 ==================脚本执行- 北京时间(UTC+8)：4/28/2021, 1:45:07 AM=====================
Apr 28 01:45:07 
Apr 28 01:45:07 
Apr 28 01:45:07 ******开始【京东账号1】dongjun613*********
Apr 28 01:45:07 
Apr 28 01:45:07 任务完成成功，获得：470能量
Apr 28 01:45:07 
Apr 28 01:45:07 ******开始【京东账号2】dongjuncly*********
Apr 28 01:45:07 
Apr 28 01:45:08 任务完成成功，获得：470能量
Apr 28 01:45:08 
Apr 28 01:45:08 ******开始【京东账号3】jd_5ae6176884a9d*********
Apr 28 01:45:08 
Apr 28 01:45:08 任务完成成功，获得：470能量
Apr 28 01:45:08 
Apr 28 01:45:08 🔔东东健康社区收集能量收集, 结束! 🕛 0.688 秒
Apr 28 01:45:08 
Apr 28 02:05:24 
Apr 28 02:05:24 🔔东东健康社区收集能量收集, 开始!
Apr 28 02:05:24 
Apr 28 02:05:24 ====================共3个京东账号Cookie=========
Apr 28 02:05:24 
Apr 28 02:05:24 ==================脚本执行- 北京时间(UTC+8)：4/28/2021, 2:05:24 AM=====================
Apr 28 02:05:24 
Apr 28 02:05:24 
Apr 28 02:05:24 ******开始【京东账号1】dongjun613*********
Apr 28 02:05:24 
Apr 28 02:05:24 任务完成成功，获得：480能量
Apr 28 02:05:24 
Apr 28 02:05:24 ******开始【京东账号2】dongjuncly*********
Apr 28 02:05:24 
Apr 28 02:05:25 任务完成成功，获得：480能量
Apr 28 02:05:25 
Apr 28 02:05:25 ******开始【京东账号3】jd_5ae6176884a9d*********
Apr 28 02:05:25 
Apr 28 02:05:25 任务完成成功，获得：480能量
Apr 28 02:05:25 
Apr 28 02:05:25 🔔东东健康社区收集能量收集, 结束! 🕛 0.686 秒
Apr 28 02:05:25 
Apr 28 02:25:21 
Apr 28 02:25:21 🔔东东健康社区收集能量收集, 开始!
Apr 28 02:25:21 
Apr 28 02:25:21 ====================共3个京东账号Cookie=========
Apr 28 02:25:21 
Apr 28 02:25:21 ==================脚本执行- 北京时间(UTC+8)：4/28/2021, 2:25:21 AM=====================
Apr 28 02:25:21 
Apr 28 02:25:21 
Apr 28 02:25:21 ******开始【京东账号1】dongjun613*********
Apr 28 02:25:21 
Apr 28 02:25:21 任务完成成功，获得：478能量
Apr 28 02:25:21 
Apr 28 02:25:21 ******开始【京东账号2】dongjuncly*********
Apr 28 02:25:21 
Apr 28 02:25:21 任务完成成功，获得：478能量
Apr 28 02:25:21 
Apr 28 02:25:21 ******开始【京东账号3】jd_5ae6176884a9d*********
Apr 28 02:25:21 
Apr 28 02:25:22 任务完成成功，获得：478能量
Apr 28 02:25:22 
Apr 28 02:25:22 🔔东东健康社区收集能量收集, 结束! 🕛 0.684 秒
Apr 28 02:25:22 
Apr 28 02:45:21 
Apr 28 02:45:21 🔔东东健康社区收集能量收集, 开始!
Apr 28 02:45:21 
Apr 28 02:45:21 ====================共3个京东账号Cookie=========
Apr 28 02:45:21 
Apr 28 02:45:21 ==================脚本执行- 北京时间(UTC+8)：4/28/2021, 2:45:21 AM=====================
Apr 28 02:45:21 
Apr 28 02:45:21 
Apr 28 02:45:21 ******开始【京东账号1】dongjun613*********
Apr 28 02:45:21 
Apr 28 02:45:21 任务完成成功，获得：480能量
Apr 28 02:45:21 
Apr 28 02:45:21 ******开始【京东账号2】dongjuncly*********
Apr 28 02:45:21 
Apr 28 02:45:22 任务完成成功，获得：480能量
Apr 28 02:45:22 
Apr 28 02:45:22 ******开始【京东账号3】jd_5ae6176884a9d*********
Apr 28 02:45:22 
Apr 28 02:45:22 任务完成成功，获得：480能量
Apr 28 02:45:22 
Apr 28 02:45:22 🔔东东健康社区收集能量收集, 结束! 🕛 0.682 秒
Apr 28 02:45:22 
Apr 28 03:05:29 
Apr 28 03:05:29 🔔东东健康社区收集能量收集, 开始!
Apr 28 03:05:29 
Apr 28 03:05:29 ====================共3个京东账号Cookie=========
Apr 28 03:05:29 
Apr 28 03:05:29 ==================脚本执行- 北京时间(UTC+8)：4/28/2021, 3:05:29 AM=====================
Apr 28 03:05:29 
Apr 28 03:05:29 
Apr 28 03:05:29 ******开始【京东账号1】dongjun613*********
Apr 28 03:05:29 
Apr 28 03:05:29 任务完成成功，获得：480能量
Apr 28 03:05:29 
Apr 28 03:05:29 ******开始【京东账号2】dongjuncly*********
Apr 28 03:05:29 
Apr 28 03:05:30 任务完成成功，获得：480能量
Apr 28 03:05:30 
Apr 28 03:05:30 ******开始【京东账号3】jd_5ae6176884a9d*********
Apr 28 03:05:30 
Apr 28 03:05:30 任务完成成功，获得：480能量
Apr 28 03:05:30 
Apr 28 03:05:30 🔔东东健康社区收集能量收集, 结束! 🕛 0.679 秒
Apr 28 03:05:30 
Apr 28 03:25:12 
Apr 28 03:25:12 🔔东东健康社区收集能量收集, 开始!
Apr 28 03:25:12 
Apr 28 03:25:12 ====================共3个京东账号Cookie=========
Apr 28 03:25:12 
Apr 28 03:25:12 ==================脚本执行- 北京时间(UTC+8)：4/28/2021, 3:25:12 AM=====================
Apr 28 03:25:12 
Apr 28 03:25:12 
Apr 28 03:25:12 ******开始【京东账号1】dongjun613*********
Apr 28 03:25:12 
Apr 28 03:25:12 任务完成成功，获得：472能量
Apr 28 03:25:12 
Apr 28 03:25:12 ******开始【京东账号2】dongjuncly*********
Apr 28 03:25:12 
Apr 28 03:25:13 任务完成成功，获得：472能量
Apr 28 03:25:13 
Apr 28 03:25:13 ******开始【京东账号3】jd_5ae6176884a9d*********
Apr 28 03:25:13 
Apr 28 03:25:13 任务完成成功，获得：472能量
Apr 28 03:25:13 
Apr 28 03:25:13 🔔东东健康社区收集能量收集, 结束! 🕛 0.672 秒
Apr 28 03:25:13 
Apr 28 03:45:07 
Apr 28 03:45:07 🔔东东健康社区收集能量收集, 开始!
Apr 28 03:45:07 
Apr 28 03:45:07 ====================共3个京东账号Cookie=========
Apr 28 03:45:07 
Apr 28 03:45:07 ==================脚本执行- 北京时间(UTC+8)：4/28/2021, 3:45:07 AM=====================
Apr 28 03:45:07 
Apr 28 03:45:07 
Apr 28 03:45:07 ******开始【京东账号1】dongjun613*********
Apr 28 03:45:07 
Apr 28 03:45:07 任务完成成功，获得：478能量
Apr 28 03:45:07 
Apr 28 03:45:07 ******开始【京东账号2】dongjuncly*********
Apr 28 03:45:07 
Apr 28 03:45:08 任务完成成功，获得：478能量
Apr 28 03:45:08 
Apr 28 03:45:08 ******开始【京东账号3】jd_5ae6176884a9d*********
Apr 28 03:45:08 
Apr 28 03:45:08 任务完成成功，获得：478能量
Apr 28 03:45:08 
Apr 28 03:45:08 🔔东东健康社区收集能量收集, 结束! 🕛 0.674 秒
Apr 28 03:45:08 
Apr 28 04:05:18 
Apr 28 04:05:18 🔔东东健康社区收集能量收集, 开始!
Apr 28 04:05:18 
Apr 28 04:05:18 ====================共3个京东账号Cookie=========
Apr 28 04:05:18 
Apr 28 04:05:18 ==================脚本执行- 北京时间(UTC+8)：4/28/2021, 4:05:18 AM=====================
Apr 28 04:05:18 
Apr 28 04:05:18 
Apr 28 04:05:18 ******开始【京东账号1】dongjun613*********
Apr 28 04:05:18 
Apr 28 04:05:18 任务完成成功，获得：480能量
Apr 28 04:05:18 
Apr 28 04:05:18 ******开始【京东账号2】dongjuncly*********
Apr 28 04:05:18 
Apr 28 04:05:19 任务完成成功，获得：480能量
Apr 28 04:05:19 
Apr 28 04:05:19 ******开始【京东账号3】jd_5ae6176884a9d*********
Apr 28 04:05:19 
Apr 28 04:05:19 任务完成成功，获得：480能量
Apr 28 04:05:19 
Apr 28 04:05:19 🔔东东健康社区收集能量收集, 结束! 🕛 0.663 秒
Apr 28 04:05:19 
Apr 28 04:25:18 
Apr 28 04:25:18 🔔东东健康社区收集能量收集, 开始!
Apr 28 04:25:18 
Apr 28 04:25:18 ====================共3个京东账号Cookie=========
Apr 28 04:25:18 
Apr 28 04:25:18 ==================脚本执行- 北京时间(UTC+8)：4/28/2021, 4:25:18 AM=====================
Apr 28 04:25:18 
Apr 28 04:25:18 
Apr 28 04:25:18 ******开始【京东账号1】dongjun613*********
Apr 28 04:25:18 
Apr 28 04:25:18 任务完成成功，获得：480能量
Apr 28 04:25:18 
Apr 28 04:25:18 ******开始【京东账号2】dongjuncly*********
Apr 28 04:25:18 
Apr 28 04:25:19 任务完成成功，获得：480能量
Apr 28 04:25:19 
Apr 28 04:25:19 ******开始【京东账号3】jd_5ae6176884a9d*********
Apr 28 04:25:19 
Apr 28 04:25:19 任务完成成功，获得：480能量
Apr 28 04:25:19 
Apr 28 04:25:19 🔔东东健康社区收集能量收集, 结束! 🕛 0.673 秒
Apr 28 04:25:19 
Apr 28 04:45:01 
Apr 28 04:45:01 🔔东东健康社区收集能量收集, 开始!
Apr 28 04:45:01 
Apr 28 04:45:01 ====================共3个京东账号Cookie=========
Apr 28 04:45:01 
Apr 28 04:45:01 ==================脚本执行- 北京时间(UTC+8)：4/28/2021, 4:45:01 AM=====================
Apr 28 04:45:01 
Apr 28 04:45:01 
Apr 28 04:45:01 ******开始【京东账号1】dongjun613*********
Apr 28 04:45:01 
Apr 28 04:45:01 任务完成成功，获得：472能量
Apr 28 04:45:01 
Apr 28 04:45:01 ******开始【京东账号2】dongjuncly*********
Apr 28 04:45:01 
Apr 28 04:45:02 任务完成成功，获得：472能量
Apr 28 04:45:02 
Apr 28 04:45:02 ******开始【京东账号3】jd_5ae6176884a9d*********
Apr 28 04:45:02 
Apr 28 04:45:02 任务完成成功，获得：472能量
Apr 28 04:45:02 
Apr 28 04:45:02 🔔东东健康社区收集能量收集, 结束! 🕛 0.677 秒
Apr 28 04:45:02 
Apr 28 05:05:22 
Apr 28 05:05:22 🔔东东健康社区收集能量收集, 开始!
Apr 28 05:05:22 
Apr 28 05:05:22 ====================共3个京东账号Cookie=========
Apr 28 05:05:22 
Apr 28 05:05:22 ==================脚本执行- 北京时间(UTC+8)：4/28/2021, 5:05:22 AM=====================
Apr 28 05:05:22 
Apr 28 05:05:22 
Apr 28 05:05:22 ******开始【京东账号1】dongjun613*********
Apr 28 05:05:22 
Apr 28 05:05:22 任务完成成功，获得：480能量
Apr 28 05:05:22 
Apr 28 05:05:22 ******开始【京东账号2】dongjuncly*********
Apr 28 05:05:22 
Apr 28 05:05:23 任务完成成功，获得：480能量
Apr 28 05:05:23 
Apr 28 05:05:23 ******开始【京东账号3】jd_5ae6176884a9d*********
Apr 28 05:05:23 
Apr 28 05:05:23 任务完成成功，获得：480能量
Apr 28 05:05:23 
Apr 28 05:05:23 🔔东东健康社区收集能量收集, 结束! 🕛 0.682 秒
Apr 28 05:05:23 
Apr 28 05:25:29 
Apr 28 05:25:29 🔔东东健康社区收集能量收集, 开始!
Apr 28 05:25:29 
Apr 28 05:25:29 ====================共3个京东账号Cookie=========
Apr 28 05:25:29 
Apr 28 05:25:29 ==================脚本执行- 北京时间(UTC+8)：4/28/2021, 5:25:29 AM=====================
Apr 28 05:25:29 
Apr 28 05:25:29 
Apr 28 05:25:29 ******开始【京东账号1】dongjun613*********
Apr 28 05:25:29 
Apr 28 05:25:30 任务完成成功，获得：480能量
Apr 28 05:25:30 
Apr 28 05:25:30 ******开始【京东账号2】dongjuncly*********
Apr 28 05:25:30 
Apr 28 05:25:30 任务完成成功，获得：480能量
Apr 28 05:25:30 
Apr 28 05:25:30 ******开始【京东账号3】jd_5ae6176884a9d*********
Apr 28 05:25:30 
Apr 28 05:25:30 任务完成成功，获得：480能量
Apr 28 05:25:30 
Apr 28 05:25:30 🔔东东健康社区收集能量收集, 结束! 🕛 0.664 秒
Apr 28 05:25:30 
Apr 28 05:45:14 
Apr 28 05:45:14 🔔东东健康社区收集能量收集, 开始!
Apr 28 05:45:14 
Apr 28 05:45:14 ====================共3个京东账号Cookie=========
Apr 28 05:45:14 
Apr 28 05:45:14 ==================脚本执行- 北京时间(UTC+8)：4/28/2021, 5:45:14 AM=====================
Apr 28 05:45:14 
Apr 28 05:45:14 
Apr 28 05:45:14 ******开始【京东账号1】dongjun613*********
Apr 28 05:45:14 
Apr 28 05:45:15 任务完成成功，获得：472能量
Apr 28 05:45:15 
Apr 28 05:45:15 ******开始【京东账号2】dongjuncly*********
Apr 28 05:45:15 
Apr 28 05:45:15 任务完成成功，获得：472能量
Apr 28 05:45:15 
Apr 28 05:45:15 ******开始【京东账号3】jd_5ae6176884a9d*********
Apr 28 05:45:15 
Apr 28 05:45:15 任务完成成功，获得：472能量
Apr 28 05:45:15 
Apr 28 05:45:15 🔔东东健康社区收集能量收集, 结束! 🕛 0.655 秒
Apr 28 05:45:15 
Apr 28 06:05:10 
Apr 28 06:05:10 🔔东东健康社区收集能量收集, 开始!
Apr 28 06:05:10 
Apr 28 06:05:10 ====================共3个京东账号Cookie=========
Apr 28 06:05:10 
Apr 28 06:05:10 ==================脚本执行- 北京时间(UTC+8)：4/28/2021, 6:05:10 AM=====================
Apr 28 06:05:10 
Apr 28 06:05:10 
Apr 28 06:05:10 ******开始【京东账号1】dongjun613*********
Apr 28 06:05:10 
Apr 28 06:05:11 任务完成成功，获得：478能量
Apr 28 06:05:11 
Apr 28 06:05:11 ******开始【京东账号2】dongjuncly*********
Apr 28 06:05:11 
Apr 28 06:05:11 任务完成成功，获得：478能量
Apr 28 06:05:11 
Apr 28 06:05:11 ******开始【京东账号3】jd_5ae6176884a9d*********
Apr 28 06:05:11 
Apr 28 06:05:11 任务完成成功，获得：478能量
Apr 28 06:05:11 
Apr 28 06:05:11 🔔东东健康社区收集能量收集, 结束! 🕛 0.69 秒
Apr 28 06:05:11 
Apr 28 06:25:00 
Apr 28 06:25:00 🔔东东健康社区收集能量收集, 开始!
Apr 28 06:25:00 
Apr 28 06:25:00 ====================共3个京东账号Cookie=========
Apr 28 06:25:00 
Apr 28 06:25:00 ==================脚本执行- 北京时间(UTC+8)：4/28/2021, 6:25:00 AM=====================
Apr 28 06:25:00 
Apr 28 06:25:00 
Apr 28 06:25:00 ******开始【京东账号1】dongjun613*********
Apr 28 06:25:00 
Apr 28 06:25:01 任务完成成功，获得：280能量
Apr 28 06:25:01 
Apr 28 06:25:01 ******开始【京东账号2】dongjuncly*********
Apr 28 06:25:01 
Apr 28 06:25:01 任务完成成功，获得：272能量
Apr 28 06:25:01 
Apr 28 06:25:01 ******开始【京东账号3】jd_5ae6176884a9d*********
Apr 28 06:25:01 
Apr 28 06:25:01 任务完成成功，获得：264能量
Apr 28 06:25:01 
Apr 28 06:25:01 🔔东东健康社区收集能量收集, 结束! 🕛 0.675 秒
Apr 28 06:25:01 
Apr 28 06:45:17 
Apr 28 06:45:17 🔔东东健康社区收集能量收集, 开始!
Apr 28 06:45:17 
Apr 28 06:45:17 ====================共3个京东账号Cookie=========
Apr 28 06:45:17 
Apr 28 06:45:17 ==================脚本执行- 北京时间(UTC+8)：4/28/2021, 6:45:17 AM=====================
Apr 28 06:45:17 
Apr 28 06:45:17 
Apr 28 06:45:17 ******开始【京东账号1】dongjun613*********
Apr 28 06:45:17 
Apr 28 06:45:18 任务完成成功，获得：480能量
Apr 28 06:45:18 
Apr 28 06:45:18 ******开始【京东账号2】dongjuncly*********
Apr 28 06:45:18 
Apr 28 06:45:18 任务完成成功，获得：480能量
Apr 28 06:45:18 
Apr 28 06:45:18 ******开始【京东账号3】jd_5ae6176884a9d*********
Apr 28 06:45:18 
Apr 28 06:45:18 任务完成成功，获得：480能量
Apr 28 06:45:18 
Apr 28 06:45:18 🔔东东健康社区收集能量收集, 结束! 🕛 0.694 秒
Apr 28 06:45:18 
Apr 28 07:05:06 
Apr 28 07:05:06 🔔东东健康社区收集能量收集, 开始!
Apr 28 07:05:06 
Apr 28 07:05:06 ====================共3个京东账号Cookie=========
Apr 28 07:05:06 
Apr 28 07:05:06 ==================脚本执行- 北京时间(UTC+8)：4/28/2021, 7:05:06 AM=====================
Apr 28 07:05:06 
Apr 28 07:05:06 
Apr 28 07:05:06 ******开始【京东账号1】dongjun613*********
Apr 28 07:05:06 
Apr 28 07:05:07 任务完成成功，获得：474能量
Apr 28 07:05:07 
Apr 28 07:05:07 ******开始【京东账号2】dongjuncly*********
Apr 28 07:05:07 
Apr 28 07:05:07 任务完成成功，获得：474能量
Apr 28 07:05:07 
Apr 28 07:05:07 ******开始【京东账号3】jd_5ae6176884a9d*********
Apr 28 07:05:07 
Apr 28 07:05:07 任务完成成功，获得：474能量
Apr 28 07:05:07 
Apr 28 07:05:07 🔔东东健康社区收集能量收集, 结束! 🕛 0.693 秒
Apr 28 07:05:07 
Apr 28 07:25:22 
Apr 28 07:25:22 🔔东东健康社区收集能量收集, 开始!
Apr 28 07:25:22 
Apr 28 07:25:22 ====================共3个京东账号Cookie=========
Apr 28 07:25:22 
Apr 28 07:25:22 ==================脚本执行- 北京时间(UTC+8)：4/28/2021, 7:25:22 AM=====================
Apr 28 07:25:22 
Apr 28 07:25:22 
Apr 28 07:25:22 ******开始【京东账号1】dongjun613*********
Apr 28 07:25:22 
Apr 28 07:25:23 任务完成成功，获得：480能量
Apr 28 07:25:23 
Apr 28 07:25:23 ******开始【京东账号2】dongjuncly*********
Apr 28 07:25:23 
Apr 28 07:25:23 任务完成成功，获得：480能量
Apr 28 07:25:23 
Apr 28 07:25:23 ******开始【京东账号3】jd_5ae6176884a9d*********
Apr 28 07:25:23 
Apr 28 07:25:23 任务完成成功，获得：480能量
Apr 28 07:25:23 
Apr 28 07:25:23 🔔东东健康社区收集能量收集, 结束! 🕛 0.676 秒
Apr 28 07:25:23 
Apr 28 07:45:01 
Apr 28 07:45:01 🔔东东健康社区收集能量收集, 开始!
Apr 28 07:45:01 
Apr 28 07:45:01 ====================共3个京东账号Cookie=========
Apr 28 07:45:01 
Apr 28 07:45:01 ==================脚本执行- 北京时间(UTC+8)：4/28/2021, 7:45:01 AM=====================
Apr 28 07:45:01 
Apr 28 07:45:01 
Apr 28 07:45:01 ******开始【京东账号1】dongjun613*********
Apr 28 07:45:01 
Apr 28 07:45:02 任务完成成功，获得：470能量
Apr 28 07:45:02 
Apr 28 07:45:02 ******开始【京东账号2】dongjuncly*********
Apr 28 07:45:02 
Apr 28 07:45:02 任务完成成功，获得：470能量
Apr 28 07:45:02 
Apr 28 07:45:02 ******开始【京东账号3】jd_5ae6176884a9d*********
Apr 28 07:45:02 
Apr 28 07:45:02 任务完成成功，获得：470能量
Apr 28 07:45:02 
Apr 28 07:45:02 🔔东东健康社区收集能量收集, 结束! 🕛 0.674 秒
Apr 28 07:45:02 
Apr 28 08:05:04 
Apr 28 08:05:04 🔔东东健康社区收集能量收集, 开始!
Apr 28 08:05:04 
Apr 28 08:05:04 ====================共3个京东账号Cookie=========
Apr 28 08:05:04 
Apr 28 08:05:04 ==================脚本执行- 北京时间(UTC+8)：4/28/2021, 8:05:04 AM=====================
Apr 28 08:05:04 
Apr 28 08:05:04 
Apr 28 08:05:04 ******开始【京东账号1】dongjun613*********
Apr 28 08:05:04 
Apr 28 08:05:05 任务完成成功，获得：480能量
Apr 28 08:05:05 
Apr 28 08:05:05 ******开始【京东账号2】dongjuncly*********
Apr 28 08:05:05 
Apr 28 08:05:05 任务完成成功，获得：480能量
Apr 28 08:05:05 
Apr 28 08:05:05 ******开始【京东账号3】jd_5ae6176884a9d*********
Apr 28 08:05:05 
Apr 28 08:05:05 任务完成成功，获得：480能量
Apr 28 08:05:05 
Apr 28 08:05:05 🔔东东健康社区收集能量收集, 结束! 🕛 0.674 秒
Apr 28 08:05:05 
Apr 28 08:25:11 
Apr 28 08:25:11 🔔东东健康社区收集能量收集, 开始!
Apr 28 08:25:11 
Apr 28 08:25:11 ====================共3个京东账号Cookie=========
Apr 28 08:25:11 
Apr 28 08:25:11 ==================脚本执行- 北京时间(UTC+8)：4/28/2021, 8:25:11 AM=====================
Apr 28 08:25:11 
Apr 28 08:25:11 
Apr 28 08:25:11 ******开始【京东账号1】dongjun613*********
Apr 28 08:25:11 
Apr 28 08:25:12 任务完成成功，获得：480能量
Apr 28 08:25:12 
Apr 28 08:25:12 ******开始【京东账号2】dongjuncly*********
Apr 28 08:25:12 
Apr 28 08:25:12 任务完成成功，获得：480能量
Apr 28 08:25:12 
Apr 28 08:25:12 ******开始【京东账号3】jd_5ae6176884a9d*********
Apr 28 08:25:12 
Apr 28 08:25:12 任务完成成功，获得：480能量
Apr 28 08:25:12 
Apr 28 08:25:12 🔔东东健康社区收集能量收集, 结束! 🕛 0.66 秒
Apr 28 08:25:12 
Apr 28 08:45:27 
Apr 28 08:45:27 🔔东东健康社区收集能量收集, 开始!
Apr 28 08:45:27 
Apr 28 08:45:27 ====================共3个京东账号Cookie=========
Apr 28 08:45:27 
Apr 28 08:45:27 ==================脚本执行- 北京时间(UTC+8)：4/28/2021, 8:45:27 AM=====================
Apr 28 08:45:27 
Apr 28 08:45:27 
Apr 28 08:45:27 ******开始【京东账号1】dongjun613*********
Apr 28 08:45:27 
Apr 28 08:45:28 任务完成成功，获得：480能量
Apr 28 08:45:28 
Apr 28 08:45:28 ******开始【京东账号2】dongjuncly*********
Apr 28 08:45:28 
Apr 28 08:45:28 任务完成成功，获得：480能量
Apr 28 08:45:28 
Apr 28 08:45:28 ******开始【京东账号3】jd_5ae6176884a9d*********
Apr 28 08:45:28 
Apr 28 08:45:28 任务完成成功，获得：480能量
Apr 28 08:45:28 
Apr 28 08:45:28 🔔东东健康社区收集能量收集, 结束! 🕛 0.66 秒
Apr 28 08:45:28 
Apr 28 09:05:11 
Apr 28 09:05:11 🔔东东健康社区收集能量收集, 开始!
Apr 28 09:05:11 
Apr 28 09:05:11 ====================共3个京东账号Cookie=========
Apr 28 09:05:11 
Apr 28 09:05:11 ==================脚本执行- 北京时间(UTC+8)：4/28/2021, 9:05:11 AM=====================
Apr 28 09:05:11 
Apr 28 09:05:11 
Apr 28 09:05:11 ******开始【京东账号1】dongjun613*********
Apr 28 09:05:11 
Apr 28 09:05:12 任务完成成功，获得：472能量
Apr 28 09:05:12 
Apr 28 09:05:12 ******开始【京东账号2】dongjuncly*********
Apr 28 09:05:12 
Apr 28 09:05:12 任务完成成功，获得：472能量
Apr 28 09:05:12 
Apr 28 09:05:12 ******开始【京东账号3】jd_5ae6176884a9d*********
Apr 28 09:05:12 
Apr 28 09:05:12 任务完成成功，获得：472能量
Apr 28 09:05:12 
Apr 28 09:05:12 🔔东东健康社区收集能量收集, 结束! 🕛 0.651 秒
Apr 28 09:05:12 
Apr 28 09:25:23 
Apr 28 09:25:23 🔔东东健康社区收集能量收集, 开始!
Apr 28 09:25:23 
Apr 28 09:25:23 ====================共3个京东账号Cookie=========
Apr 28 09:25:23 
Apr 28 09:25:24 ==================脚本执行- 北京时间(UTC+8)：4/28/2021, 9:25:23 AM=====================
Apr 28 09:25:24 
Apr 28 09:25:24 
Apr 28 09:25:24 ******开始【京东账号1】dongjun613*********
Apr 28 09:25:24 
Apr 28 09:25:24 任务完成成功，获得：480能量
Apr 28 09:25:24 
Apr 28 09:25:24 ******开始【京东账号2】dongjuncly*********
Apr 28 09:25:24 
Apr 28 09:25:24 任务完成成功，获得：480能量
Apr 28 09:25:24 
Apr 28 09:25:24 ******开始【京东账号3】jd_5ae6176884a9d*********
Apr 28 09:25:24 
Apr 28 09:25:24 任务完成成功，获得：480能量
Apr 28 09:25:24 
Apr 28 09:25:24 🔔东东健康社区收集能量收集, 结束! 🕛 0.656 秒
Apr 28 09:25:24 
Apr 28 09:45:19 
Apr 28 09:45:19 🔔东东健康社区收集能量收集, 开始!
Apr 28 09:45:19 
Apr 28 09:45:19 ====================共3个京东账号Cookie=========
Apr 28 09:45:19 
Apr 28 09:45:19 ==================脚本执行- 北京时间(UTC+8)：4/28/2021, 9:45:19 AM=====================
Apr 28 09:45:19 
Apr 28 09:45:19 
Apr 28 09:45:19 ******开始【京东账号1】dongjun613*********
Apr 28 09:45:19 
Apr 28 09:45:19 任务完成成功，获得：478能量
Apr 28 09:45:19 
Apr 28 09:45:19 ******开始【京东账号2】dongjuncly*********
Apr 28 09:45:19 
Apr 28 09:45:19 任务完成成功，获得：478能量
Apr 28 09:45:19 
Apr 28 09:45:19 ******开始【京东账号3】jd_5ae6176884a9d*********
Apr 28 09:45:19 
Apr 28 09:45:19 任务完成成功，获得：478能量
Apr 28 09:45:19 
Apr 28 09:45:19 🔔东东健康社区收集能量收集, 结束! 🕛 0.668 秒
Apr 28 09:45:19 
Apr 28 10:05:16 
Apr 28 10:05:16 🔔东东健康社区收集能量收集, 开始!
Apr 28 10:05:16 
Apr 28 10:05:16 ====================共3个京东账号Cookie=========
Apr 28 10:05:16 
Apr 28 10:05:16 ==================脚本执行- 北京时间(UTC+8)：4/28/2021, 10:05:16 AM=====================
Apr 28 10:05:16 
Apr 28 10:05:16 
Apr 28 10:05:16 ******开始【京东账号1】dongjun613*********
Apr 28 10:05:16 
Apr 28 10:05:16 任务完成成功，获得：478能量
Apr 28 10:05:16 
Apr 28 10:05:16 ******开始【京东账号2】dongjuncly*********
Apr 28 10:05:16 
Apr 28 10:05:16 任务完成成功，获得：478能量
Apr 28 10:05:16 
Apr 28 10:05:16 ******开始【京东账号3】jd_5ae6176884a9d*********
Apr 28 10:05:16 
Apr 28 10:05:16 任务完成成功，获得：478能量
Apr 28 10:05:16 
Apr 28 10:05:16 🔔东东健康社区收集能量收集, 结束! 🕛 0.678 秒
Apr 28 10:05:16 
Apr 28 10:25:06 
Apr 28 10:25:06 🔔东东健康社区收集能量收集, 开始!
Apr 28 10:25:06 
Apr 28 10:25:06 ====================共3个京东账号Cookie=========
Apr 28 10:25:06 
Apr 28 10:25:06 ==================脚本执行- 北京时间(UTC+8)：4/28/2021, 10:25:06 AM=====================
Apr 28 10:25:06 
Apr 28 10:25:06 
Apr 28 10:25:06 ******开始【京东账号1】dongjun613*********
Apr 28 10:25:06 
Apr 28 10:25:06 任务完成成功，获得：476能量
Apr 28 10:25:06 
Apr 28 10:25:06 ******开始【京东账号2】dongjuncly*********
Apr 28 10:25:06 
Apr 28 10:25:06 任务完成成功，获得：476能量
Apr 28 10:25:06 
Apr 28 10:25:06 ******开始【京东账号3】jd_5ae6176884a9d*********
Apr 28 10:25:06 
Apr 28 10:25:06 任务完成成功，获得：476能量
Apr 28 10:25:06 
Apr 28 10:25:06 🔔东东健康社区收集能量收集, 结束! 🕛 0.659 秒
Apr 28 10:25:06 
Apr 28 10:45:02 
Apr 28 10:45:02 🔔东东健康社区收集能量收集, 开始!
Apr 28 10:45:02 
Apr 28 10:45:02 ====================共3个京东账号Cookie=========
Apr 28 10:45:02 
Apr 28 10:45:02 ==================脚本执行- 北京时间(UTC+8)：4/28/2021, 10:45:02 AM=====================
Apr 28 10:45:02 
Apr 28 10:45:02 
Apr 28 10:45:02 ******开始【京东账号1】dongjun613*********
Apr 28 10:45:02 
Apr 28 10:45:02 任务完成成功，获得：478能量
Apr 28 10:45:02 
Apr 28 10:45:02 ******开始【京东账号2】dongjuncly*********
Apr 28 10:45:02 
Apr 28 10:45:02 任务完成成功，获得：478能量
Apr 28 10:45:02 
Apr 28 10:45:02 ******开始【京东账号3】jd_5ae6176884a9d*********
Apr 28 10:45:02 
Apr 28 10:45:02 任务完成成功，获得：478能量
Apr 28 10:45:02 
Apr 28 10:45:02 🔔东东健康社区收集能量收集, 结束! 🕛 0.657 秒
Apr 28 10:45:02 
Apr 28 11:05:20 
Apr 28 11:05:20 🔔东东健康社区收集能量收集, 开始!
Apr 28 11:05:20 
Apr 28 11:05:20 ====================共3个京东账号Cookie=========
Apr 28 11:05:20 
Apr 28 11:05:20 ==================脚本执行- 北京时间(UTC+8)：4/28/2021, 11:05:20 AM=====================
Apr 28 11:05:20 
Apr 28 11:05:20 
Apr 28 11:05:20 ******开始【京东账号1】dongjun613*********
Apr 28 11:05:20 
Apr 28 11:05:20 任务完成成功，获得：480能量
Apr 28 11:05:20 
Apr 28 11:05:20 ******开始【京东账号2】dongjuncly*********
Apr 28 11:05:20 
Apr 28 11:05:20 任务完成成功，获得：480能量
Apr 28 11:05:20 
Apr 28 11:05:20 ******开始【京东账号3】jd_5ae6176884a9d*********
Apr 28 11:05:20 
Apr 28 11:05:20 任务完成成功，获得：480能量
Apr 28 11:05:20 
Apr 28 11:05:20 🔔东东健康社区收集能量收集, 结束! 🕛 0.642 秒
Apr 28 11:05:20 
Apr 28 11:25:14 
Apr 28 11:25:14 🔔东东健康社区收集能量收集, 开始!
Apr 28 11:25:14 
Apr 28 11:25:14 ====================共3个京东账号Cookie=========
Apr 28 11:25:14 
Apr 28 11:25:14 ==================脚本执行- 北京时间(UTC+8)：4/28/2021, 11:25:14 AM=====================
Apr 28 11:25:14 
Apr 28 11:25:14 
Apr 28 11:25:14 ******开始【京东账号1】dongjun613*********
Apr 28 11:25:14 
Apr 28 11:25:14 任务完成成功，获得：476能量
Apr 28 11:25:14 
Apr 28 11:25:14 ******开始【京东账号2】dongjuncly*********
Apr 28 11:25:14 
Apr 28 11:25:14 任务完成成功，获得：476能量
Apr 28 11:25:14 
Apr 28 11:25:14 ******开始【京东账号3】jd_5ae6176884a9d*********
Apr 28 11:25:14 
Apr 28 11:25:14 任务完成成功，获得：476能量
Apr 28 11:25:14 
Apr 28 11:25:14 🔔东东健康社区收集能量收集, 结束! 🕛 0.689 秒
Apr 28 11:25:14 
Apr 28 11:45:28 
Apr 28 11:45:28 🔔东东健康社区收集能量收集, 开始!
Apr 28 11:45:28 
Apr 28 11:45:28 ====================共3个京东账号Cookie=========
Apr 28 11:45:28 
Apr 28 11:45:28 ==================脚本执行- 北京时间(UTC+8)：4/28/2021, 11:45:28 AM=====================
Apr 28 11:45:28 
Apr 28 11:45:28 
Apr 28 11:45:28 ******开始【京东账号1】dongjun613*********
Apr 28 11:45:28 
Apr 28 11:45:38 任务完成成功，获得：480能量
Apr 28 11:45:38 
Apr 28 11:45:38 ******开始【京东账号2】dongjuncly*********
Apr 28 11:45:38 
Apr 28 11:45:38 任务完成成功，获得：480能量
Apr 28 11:45:38 
Apr 28 11:45:38 ******开始【京东账号3】jd_5ae6176884a9d*********
Apr 28 11:45:38 
Apr 28 11:45:38 任务完成成功，获得：480能量
Apr 28 11:45:38 
Apr 28 11:45:38 🔔东东健康社区收集能量收集, 结束! 🕛 10.154 秒
Apr 28 11:45:38 
Apr 28 12:05:23 
Apr 28 12:05:23 🔔东东健康社区收集能量收集, 开始!
Apr 28 12:05:23 
Apr 28 12:05:23 ====================共3个京东账号Cookie=========
Apr 28 12:05:23 
Apr 28 12:05:23 ==================脚本执行- 北京时间(UTC+8)：4/28/2021, 12:05:23 PM=====================
Apr 28 12:05:23 
Apr 28 12:05:23 
Apr 28 12:05:23 ******开始【京东账号1】dongjun613*********
Apr 28 12:05:23 
Apr 28 12:05:23 任务完成成功，获得：474能量
Apr 28 12:05:23 
Apr 28 12:05:23 ******开始【京东账号2】dongjuncly*********
Apr 28 12:05:23 
Apr 28 12:05:23 任务完成成功，获得：474能量
Apr 28 12:05:23 
Apr 28 12:05:23 ******开始【京东账号3】jd_5ae6176884a9d*********
Apr 28 12:05:23 
Apr 28 12:05:23 任务完成成功，获得：474能量
Apr 28 12:05:23 
Apr 28 12:05:23 🔔东东健康社区收集能量收集, 结束! 🕛 0.669 秒
Apr 28 12:05:23 
Apr 28 12:25:22 
Apr 28 12:25:22 🔔东东健康社区收集能量收集, 开始!
Apr 28 12:25:22 
Apr 28 12:25:22 ====================共3个京东账号Cookie=========
Apr 28 12:25:22 
Apr 28 12:25:22 ==================脚本执行- 北京时间(UTC+8)：4/28/2021, 12:25:22 PM=====================
Apr 28 12:25:22 
Apr 28 12:25:22 
Apr 28 12:25:22 ******开始【京东账号1】dongjun613*********
Apr 28 12:25:22 
Apr 28 12:25:22 任务完成成功，获得：478能量
Apr 28 12:25:22 
Apr 28 12:25:22 ******开始【京东账号2】dongjuncly*********
Apr 28 12:25:22 
Apr 28 12:25:22 任务完成成功，获得：478能量
Apr 28 12:25:22 
Apr 28 12:25:22 ******开始【京东账号3】jd_5ae6176884a9d*********
Apr 28 12:25:22 
Apr 28 12:25:22 任务完成成功，获得：478能量
Apr 28 12:25:22 
Apr 28 12:25:22 🔔东东健康社区收集能量收集, 结束! 🕛 0.673 秒
Apr 28 12:25:22 
Apr 28 12:45:10 
Apr 28 12:45:10 🔔东东健康社区收集能量收集, 开始!
Apr 28 12:45:10 
Apr 28 12:45:10 ====================共3个京东账号Cookie=========
Apr 28 12:45:10 
Apr 28 12:45:10 ==================脚本执行- 北京时间(UTC+8)：4/28/2021, 12:45:10 PM=====================
Apr 28 12:45:10 
Apr 28 12:45:10 
Apr 28 12:45:10 ******开始【京东账号1】dongjun613*********
Apr 28 12:45:10 
Apr 28 12:45:10 任务完成成功，获得：474能量
Apr 28 12:45:10 
Apr 28 12:45:10 ******开始【京东账号2】dongjuncly*********
Apr 28 12:45:10 
Apr 28 12:45:10 任务完成成功，获得：474能量
Apr 28 12:45:10 
Apr 28 12:45:10 ******开始【京东账号3】jd_5ae6176884a9d*********
Apr 28 12:45:10 
Apr 28 12:45:10 任务完成成功，获得：474能量
Apr 28 12:45:10 
Apr 28 12:45:10 🔔东东健康社区收集能量收集, 结束! 🕛 0.653 秒
Apr 28 12:45:10 
Apr 28 13:05:19 
Apr 28 13:05:19 🔔东东健康社区收集能量收集, 开始!
Apr 28 13:05:19 
Apr 28 13:05:19 ====================共3个京东账号Cookie=========
Apr 28 13:05:19 
Apr 28 13:05:19 ==================脚本执行- 北京时间(UTC+8)：4/28/2021, 1:05:19 PM=====================
Apr 28 13:05:19 
Apr 28 13:05:19 
Apr 28 13:05:19 ******开始【京东账号1】dongjun613*********
Apr 28 13:05:19 
Apr 28 13:05:19 任务完成成功，获得：480能量
Apr 28 13:05:19 
Apr 28 13:05:19 ******开始【京东账号2】dongjuncly*********
Apr 28 13:05:19 
Apr 28 13:05:19 任务完成成功，获得：480能量
Apr 28 13:05:19 
Apr 28 13:05:19 ******开始【京东账号3】jd_5ae6176884a9d*********
Apr 28 13:05:19 
Apr 28 13:05:19 任务完成成功，获得：480能量
Apr 28 13:05:19 
Apr 28 13:05:19 🔔东东健康社区收集能量收集, 结束! 🕛 0.646 秒
Apr 28 13:05:19 
Apr 28 13:25:01 
Apr 28 13:25:01 🔔东东健康社区收集能量收集, 开始!
Apr 28 13:25:01 
Apr 28 13:25:01 ====================共3个京东账号Cookie=========
Apr 28 13:25:01 
Apr 28 13:25:01 ==================脚本执行- 北京时间(UTC+8)：4/28/2021, 1:25:01 PM=====================
Apr 28 13:25:01 
Apr 28 13:25:01 
Apr 28 13:25:01 ******开始【京东账号1】dongjun613*********
Apr 28 13:25:01 
Apr 28 13:25:01 任务完成成功，获得：472能量
Apr 28 13:25:01 
Apr 28 13:25:01 ******开始【京东账号2】dongjuncly*********
Apr 28 13:25:01 
Apr 28 13:25:01 任务完成成功，获得：472能量
Apr 28 13:25:01 
Apr 28 13:25:01 ******开始【京东账号3】jd_5ae6176884a9d*********
Apr 28 13:25:01 
Apr 28 13:25:01 任务完成成功，获得：472能量
Apr 28 13:25:01 
Apr 28 13:25:01 🔔东东健康社区收集能量收集, 结束! 🕛 0.644 秒
Apr 28 13:25:01 
Apr 28 13:45:29 
Apr 28 13:45:29 🔔东东健康社区收集能量收集, 开始!
Apr 28 13:45:29 
Apr 28 13:45:29 ====================共3个京东账号Cookie=========
Apr 28 13:45:29 
Apr 28 13:45:29 ==================脚本执行- 北京时间(UTC+8)：4/28/2021, 1:45:29 PM=====================
Apr 28 13:45:29 
Apr 28 13:45:29 
Apr 28 13:45:29 ******开始【京东账号1】dongjun613*********
Apr 28 13:45:29 
Apr 28 13:45:29 任务完成成功，获得：480能量
Apr 28 13:45:29 
Apr 28 13:45:29 ******开始【京东账号2】dongjuncly*********
Apr 28 13:45:29 
Apr 28 13:45:29 任务完成成功，获得：480能量
Apr 28 13:45:29 
Apr 28 13:45:29 ******开始【京东账号3】jd_5ae6176884a9d*********
Apr 28 13:45:29 
Apr 28 13:45:29 任务完成成功，获得：480能量
Apr 28 13:45:29 
Apr 28 13:45:29 🔔东东健康社区收集能量收集, 结束! 🕛 0.653 秒
Apr 28 13:45:29 
Apr 28 14:05:24 
Apr 28 14:05:24 🔔东东健康社区收集能量收集, 开始!
Apr 28 14:05:24 
Apr 28 14:05:24 ====================共3个京东账号Cookie=========
Apr 28 14:05:24 
Apr 28 14:05:24 ==================脚本执行- 北京时间(UTC+8)：4/28/2021, 2:05:24 PM=====================
Apr 28 14:05:24 
Apr 28 14:05:24 
Apr 28 14:05:24 ******开始【京东账号1】dongjun613*********
Apr 28 14:05:24 
Apr 28 14:05:24 任务完成成功，获得：478能量
Apr 28 14:05:24 
Apr 28 14:05:24 ******开始【京东账号2】dongjuncly*********
Apr 28 14:05:24 
Apr 28 14:05:24 任务完成成功，获得：478能量
Apr 28 14:05:24 
Apr 28 14:05:24 ******开始【京东账号3】jd_5ae6176884a9d*********
Apr 28 14:05:24 
Apr 28 14:05:25 任务完成成功，获得：478能量
Apr 28 14:05:25 
Apr 28 14:05:25 🔔东东健康社区收集能量收集, 结束! 🕛 0.668 秒
Apr 28 14:05:25 
Apr 28 14:25:29 
Apr 28 14:25:29 🔔东东健康社区收集能量收集, 开始!
Apr 28 14:25:29 
Apr 28 14:25:29 ====================共3个京东账号Cookie=========
Apr 28 14:25:29 
Apr 28 14:25:29 ==================脚本执行- 北京时间(UTC+8)：4/28/2021, 2:25:29 PM=====================
Apr 28 14:25:29 
Apr 28 14:25:29 
Apr 28 14:25:29 ******开始【京东账号1】dongjun613*********
Apr 28 14:25:29 
Apr 28 14:25:29 任务完成成功，获得：480能量
Apr 28 14:25:29 
Apr 28 14:25:29 ******开始【京东账号2】dongjuncly*********
Apr 28 14:25:29 
Apr 28 14:25:29 任务完成成功，获得：480能量
Apr 28 14:25:29 
Apr 28 14:25:29 ******开始【京东账号3】jd_5ae6176884a9d*********
Apr 28 14:25:29 
Apr 28 14:25:30 任务完成成功，获得：480能量
Apr 28 14:25:30 
Apr 28 14:25:30 🔔东东健康社区收集能量收集, 结束! 🕛 0.666 秒
Apr 28 14:25:30 
Apr 28 14:45:25 
Apr 28 14:45:25 🔔东东健康社区收集能量收集, 开始!
Apr 28 14:45:25 
Apr 28 14:45:25 ====================共3个京东账号Cookie=========
Apr 28 14:45:25 
Apr 28 14:45:25 ==================脚本执行- 北京时间(UTC+8)：4/28/2021, 2:45:25 PM=====================
Apr 28 14:45:25 
Apr 28 14:45:25 
Apr 28 14:45:25 ******开始【京东账号1】dongjun613*********
Apr 28 14:45:25 
Apr 28 14:45:25 任务完成成功，获得：478能量
Apr 28 14:45:25 
Apr 28 14:45:25 ******开始【京东账号2】dongjuncly*********
Apr 28 14:45:25 
Apr 28 14:45:25 任务完成成功，获得：478能量
Apr 28 14:45:25 
Apr 28 14:45:25 ******开始【京东账号3】jd_5ae6176884a9d*********
Apr 28 14:45:25 
Apr 28 14:45:26 任务完成成功，获得：478能量
Apr 28 14:45:26 
Apr 28 14:45:26 🔔东东健康社区收集能量收集, 结束! 🕛 0.636 秒
Apr 28 14:45:26 
Apr 28 15:05:03 
Apr 28 15:05:03 🔔东东健康社区收集能量收集, 开始!
Apr 28 15:05:03 
Apr 28 15:05:03 ====================共3个京东账号Cookie=========
Apr 28 15:05:03 
Apr 28 15:05:03 ==================脚本执行- 北京时间(UTC+8)：4/28/2021, 3:05:03 PM=====================
Apr 28 15:05:03 
Apr 28 15:05:03 
Apr 28 15:05:03 ******开始【京东账号1】dongjun613*********
Apr 28 15:05:03 
Apr 28 15:05:03 任务完成成功，获得：470能量
Apr 28 15:05:03 
Apr 28 15:05:03 ******开始【京东账号2】dongjuncly*********
Apr 28 15:05:03 
Apr 28 15:05:03 任务完成成功，获得：470能量
Apr 28 15:05:03 
Apr 28 15:05:03 ******开始【京东账号3】jd_5ae6176884a9d*********
Apr 28 15:05:03 
Apr 28 15:05:04 任务完成成功，获得：470能量
Apr 28 15:05:04 
Apr 28 15:05:04 🔔东东健康社区收集能量收集, 结束! 🕛 0.677 秒
Apr 28 15:05:04 
Apr 28 15:25:22 
Apr 28 15:25:22 🔔东东健康社区收集能量收集, 开始!
Apr 28 15:25:22 
Apr 28 15:25:22 ====================共3个京东账号Cookie=========
Apr 28 15:25:22 
Apr 28 15:25:22 ==================脚本执行- 北京时间(UTC+8)：4/28/2021, 3:25:22 PM=====================
Apr 28 15:25:22 
Apr 28 15:25:22 
Apr 28 15:25:22 ******开始【京东账号1】dongjun613*********
Apr 28 15:25:22 
Apr 28 15:25:22 任务完成成功，获得：480能量
Apr 28 15:25:22 
Apr 28 15:25:22 ******开始【京东账号2】dongjuncly*********
Apr 28 15:25:22 
Apr 28 15:25:22 任务完成成功，获得：480能量
Apr 28 15:25:22 
Apr 28 15:25:22 ******开始【京东账号3】jd_5ae6176884a9d*********
Apr 28 15:25:22 
Apr 28 15:25:23 任务完成成功，获得：480能量
Apr 28 15:25:23 
Apr 28 15:25:23 🔔东东健康社区收集能量收集, 结束! 🕛 0.678 秒
Apr 28 15:25:23 
Apr 28 15:45:28 
Apr 28 15:45:28 🔔东东健康社区收集能量收集, 开始!
Apr 28 15:45:28 
Apr 28 15:45:28 ====================共3个京东账号Cookie=========
Apr 28 15:45:28 
Apr 28 15:45:28 ==================脚本执行- 北京时间(UTC+8)：4/28/2021, 3:45:28 PM=====================
Apr 28 15:45:28 
Apr 28 15:45:28 
Apr 28 15:45:28 ******开始【京东账号1】dongjun613*********
Apr 28 15:45:28 
Apr 28 15:45:28 任务完成成功，获得：480能量
Apr 28 15:45:28 
Apr 28 15:45:28 ******开始【京东账号2】dongjuncly*********
Apr 28 15:45:28 
Apr 28 15:45:29 任务完成成功，获得：480能量
Apr 28 15:45:29 
Apr 28 15:45:29 ******开始【京东账号3】jd_5ae6176884a9d*********
Apr 28 15:45:29 
Apr 28 15:45:29 任务完成成功，获得：480能量
Apr 28 15:45:29 
Apr 28 15:45:29 🔔东东健康社区收集能量收集, 结束! 🕛 1.274 秒
Apr 28 15:45:29 
Apr 28 16:05:06 
Apr 28 16:05:06 🔔东东健康社区收集能量收集, 开始!
Apr 28 16:05:06 
Apr 28 16:05:06 ====================共3个京东账号Cookie=========
Apr 28 16:05:06 
Apr 28 16:05:06 ==================脚本执行- 北京时间(UTC+8)：4/28/2021, 4:05:06 PM=====================
Apr 28 16:05:06 
Apr 28 16:05:06 
Apr 28 16:05:06 ******开始【京东账号1】dongjun613*********
Apr 28 16:05:06 
Apr 28 16:05:06 任务完成成功，获得：470能量
Apr 28 16:05:06 
Apr 28 16:05:06 ******开始【京东账号2】dongjuncly*********
Apr 28 16:05:06 
Apr 28 16:05:07 任务完成成功，获得：470能量
Apr 28 16:05:07 
Apr 28 16:05:07 ******开始【京东账号3】jd_5ae6176884a9d*********
Apr 28 16:05:07 
Apr 28 16:05:07 任务完成成功，获得：470能量
Apr 28 16:05:07 
Apr 28 16:05:07 🔔东东健康社区收集能量收集, 结束! 🕛 0.67 秒
Apr 28 16:05:07 
Apr 28 16:25:23 
Apr 28 16:25:23 🔔东东健康社区收集能量收集, 开始!
Apr 28 16:25:23 
Apr 28 16:25:23 ====================共3个京东账号Cookie=========
Apr 28 16:25:23 
Apr 28 16:25:23 ==================脚本执行- 北京时间(UTC+8)：4/28/2021, 4:25:23 PM=====================
Apr 28 16:25:23 
Apr 28 16:25:23 
Apr 28 16:25:23 ******开始【京东账号1】dongjun613*********
Apr 28 16:25:23 
Apr 28 16:25:23 任务完成成功，获得：480能量
Apr 28 16:25:23 
Apr 28 16:25:23 ******开始【京东账号2】dongjuncly*********
Apr 28 16:25:23 
Apr 28 16:25:24 任务完成成功，获得：480能量
Apr 28 16:25:24 
Apr 28 16:25:24 ******开始【京东账号3】jd_5ae6176884a9d*********
Apr 28 16:25:24 
Apr 28 16:25:24 任务完成成功，获得：480能量
Apr 28 16:25:24 
Apr 28 16:25:24 🔔东东健康社区收集能量收集, 结束! 🕛 0.63 秒
Apr 28 16:25:24 
Apr 28 16:45:06 
Apr 28 16:45:06 🔔东东健康社区收集能量收集, 开始!
Apr 28 16:45:06 
Apr 28 16:45:06 ====================共3个京东账号Cookie=========
Apr 28 16:45:06 
Apr 28 16:45:06 ==================脚本执行- 北京时间(UTC+8)：4/28/2021, 4:45:06 PM=====================
Apr 28 16:45:06 
Apr 28 16:45:06 
Apr 28 16:45:06 ******开始【京东账号1】dongjun613*********
Apr 28 16:45:06 
Apr 28 16:45:06 任务完成成功，获得：472能量
Apr 28 16:45:06 
Apr 28 16:45:06 ******开始【京东账号2】dongjuncly*********
Apr 28 16:45:06 
Apr 28 16:45:07 任务完成成功，获得：472能量
Apr 28 16:45:07 
Apr 28 16:45:07 ******开始【京东账号3】jd_5ae6176884a9d*********
Apr 28 16:45:07 
Apr 28 16:45:07 任务完成成功，获得：472能量
Apr 28 16:45:07 
Apr 28 16:45:07 🔔东东健康社区收集能量收集, 结束! 🕛 0.644 秒
Apr 28 16:45:07 
Apr 28 17:05:05 
Apr 28 17:05:05 🔔东东健康社区收集能量收集, 开始!
Apr 28 17:05:05 
Apr 28 17:05:05 ====================共3个京东账号Cookie=========
Apr 28 17:05:05 
Apr 28 17:05:05 ==================脚本执行- 北京时间(UTC+8)：4/28/2021, 5:05:05 PM=====================
Apr 28 17:05:05 
Apr 28 17:05:05 
Apr 28 17:05:05 ******开始【京东账号1】dongjun613*********
Apr 28 17:05:05 
Apr 28 17:05:05 任务完成成功，获得：478能量
Apr 28 17:05:05 
Apr 28 17:05:05 ******开始【京东账号2】dongjuncly*********
Apr 28 17:05:05 
Apr 28 17:05:06 任务完成成功，获得：478能量
Apr 28 17:05:06 
Apr 28 17:05:06 ******开始【京东账号3】jd_5ae6176884a9d*********
Apr 28 17:05:06 
Apr 28 17:05:06 任务完成成功，获得：478能量
Apr 28 17:05:06 
Apr 28 17:05:06 🔔东东健康社区收集能量收集, 结束! 🕛 0.662 秒
Apr 28 17:05:06 
Apr 28 17:25:06 
Apr 28 17:25:06 🔔东东健康社区收集能量收集, 开始!
Apr 28 17:25:06 
Apr 28 17:25:06 ====================共3个京东账号Cookie=========
Apr 28 17:25:06 
Apr 28 17:25:06 ==================脚本执行- 北京时间(UTC+8)：4/28/2021, 5:25:06 PM=====================
Apr 28 17:25:06 
Apr 28 17:25:06 
Apr 28 17:25:06 ******开始【京东账号1】dongjun613*********
Apr 28 17:25:06 
Apr 28 17:25:07 任务完成成功，获得：480能量
Apr 28 17:25:07 
Apr 28 17:25:07 ******开始【京东账号2】dongjuncly*********
Apr 28 17:25:07 
Apr 28 17:25:07 任务完成成功，获得：480能量
Apr 28 17:25:07 
Apr 28 17:25:07 ******开始【京东账号3】jd_5ae6176884a9d*********
Apr 28 17:25:07 
Apr 28 17:25:07 任务完成成功，获得：480能量
Apr 28 17:25:07 
Apr 28 17:25:07 🔔东东健康社区收集能量收集, 结束! 🕛 0.668 秒
Apr 28 17:25:07 
Apr 28 17:45:09 
Apr 28 17:45:09 🔔东东健康社区收集能量收集, 开始!
Apr 28 17:45:09 
Apr 28 17:45:09 ====================共3个京东账号Cookie=========
Apr 28 17:45:09 
Apr 28 17:45:09 ==================脚本执行- 北京时间(UTC+8)：4/28/2021, 5:45:09 PM=====================
Apr 28 17:45:09 
Apr 28 17:45:09 
Apr 28 17:45:09 ******开始【京东账号1】dongjun613*********
Apr 28 17:45:09 
Apr 28 17:45:10 任务完成成功，获得：480能量
Apr 28 17:45:10 
Apr 28 17:45:10 ******开始【京东账号2】dongjuncly*********
Apr 28 17:45:10 
Apr 28 17:45:10 任务完成成功，获得：480能量
Apr 28 17:45:10 
Apr 28 17:45:10 ******开始【京东账号3】jd_5ae6176884a9d*********
Apr 28 17:45:10 
Apr 28 17:45:12 任务完成成功，获得：480能量
Apr 28 17:45:12 
Apr 28 17:45:12 🔔东东健康社区收集能量收集, 结束! 🕛 2.673 秒
Apr 28 17:45:12 
Apr 28 18:05:23 
Apr 28 18:05:23 🔔东东健康社区收集能量收集, 开始!
Apr 28 18:05:23 
Apr 28 18:05:23 ====================共3个京东账号Cookie=========
Apr 28 18:05:23 
Apr 28 18:05:23 ==================脚本执行- 北京时间(UTC+8)：4/28/2021, 6:05:23 PM=====================
Apr 28 18:05:23 
Apr 28 18:05:23 
Apr 28 18:05:23 ******开始【京东账号1】dongjun613*********
Apr 28 18:05:23 
Apr 28 18:05:24 任务完成成功，获得：480能量
Apr 28 18:05:24 
Apr 28 18:05:24 ******开始【京东账号2】dongjuncly*********
Apr 28 18:05:24 
Apr 28 18:05:24 任务完成成功，获得：480能量
Apr 28 18:05:24 
Apr 28 18:05:24 ******开始【京东账号3】jd_5ae6176884a9d*********
Apr 28 18:05:24 
Apr 28 18:05:24 任务完成成功，获得：480能量
Apr 28 18:05:24 
Apr 28 18:05:24 🔔东东健康社区收集能量收集, 结束! 🕛 0.661 秒
Apr 28 18:05:24 
Apr 28 18:25:08 
Apr 28 18:25:08 🔔东东健康社区收集能量收集, 开始!
Apr 28 18:25:08 
Apr 28 18:25:08 ====================共3个京东账号Cookie=========
Apr 28 18:25:08 
Apr 28 18:25:08 ==================脚本执行- 北京时间(UTC+8)：4/28/2021, 6:25:08 PM=====================
Apr 28 18:25:08 
Apr 28 18:25:08 
Apr 28 18:25:08 ******开始【京东账号1】dongjun613*********
Apr 28 18:25:08 
Apr 28 18:25:09 任务完成成功，获得：474能量
Apr 28 18:25:09 
Apr 28 18:25:09 ******开始【京东账号2】dongjuncly*********
Apr 28 18:25:09 
Apr 28 18:25:09 任务完成成功，获得：474能量
Apr 28 18:25:09 
Apr 28 18:25:09 ******开始【京东账号3】jd_5ae6176884a9d*********
Apr 28 18:25:09 
Apr 28 18:25:09 任务完成成功，获得：474能量
Apr 28 18:25:09 
Apr 28 18:25:09 🔔东东健康社区收集能量收集, 结束! 🕛 0.657 秒
Apr 28 18:25:09 
Apr 28 18:45:24 
Apr 28 18:45:24 🔔东东健康社区收集能量收集, 开始!
Apr 28 18:45:24 
Apr 28 18:45:24 ====================共3个京东账号Cookie=========
Apr 28 18:45:24 
Apr 28 18:45:24 ==================脚本执行- 北京时间(UTC+8)：4/28/2021, 6:45:24 PM=====================
Apr 28 18:45:24 
Apr 28 18:45:24 
Apr 28 18:45:24 ******开始【京东账号1】dongjun613*********
Apr 28 18:45:24 
Apr 28 18:45:25 任务完成成功，获得：480能量
Apr 28 18:45:25 
Apr 28 18:45:25 ******开始【京东账号2】dongjuncly*********
Apr 28 18:45:25 
Apr 28 18:45:25 任务完成成功，获得：480能量
Apr 28 18:45:25 
Apr 28 18:45:25 ******开始【京东账号3】jd_5ae6176884a9d*********
Apr 28 18:45:25 
Apr 28 18:45:25 任务完成成功，获得：480能量
Apr 28 18:45:25 
Apr 28 18:45:25 🔔东东健康社区收集能量收集, 结束! 🕛 0.673 秒
Apr 28 18:45:25 
Apr 28 19:05:19 
Apr 28 19:05:19 🔔东东健康社区收集能量收集, 开始!
Apr 28 19:05:19 
Apr 28 19:05:19 ====================共3个京东账号Cookie=========
Apr 28 19:05:19 
Apr 28 19:05:19 ==================脚本执行- 北京时间(UTC+8)：4/28/2021, 7:05:19 PM=====================
Apr 28 19:05:19 
Apr 28 19:05:19 
Apr 28 19:05:19 ******开始【京东账号1】dongjun613*********
Apr 28 19:05:19 
Apr 28 19:05:20 任务完成成功，获得：478能量
Apr 28 19:05:20 
Apr 28 19:05:20 ******开始【京东账号2】dongjuncly*********
Apr 28 19:05:20 
Apr 28 19:05:20 任务完成成功，获得：478能量
Apr 28 19:05:20 
Apr 28 19:05:20 ******开始【京东账号3】jd_5ae6176884a9d*********
Apr 28 19:05:20 
Apr 28 19:05:20 任务完成成功，获得：478能量
Apr 28 19:05:20 
Apr 28 19:05:20 🔔东东健康社区收集能量收集, 结束! 🕛 0.667 秒
Apr 28 19:05:20 
Apr 28 19:25:03 
Apr 28 19:25:03 🔔东东健康社区收集能量收集, 开始!
Apr 28 19:25:03 
Apr 28 19:25:03 ====================共3个京东账号Cookie=========
Apr 28 19:25:03 
Apr 28 19:25:03 ==================脚本执行- 北京时间(UTC+8)：4/28/2021, 7:25:03 PM=====================
Apr 28 19:25:03 
Apr 28 19:25:03 
Apr 28 19:25:03 ******开始【京东账号1】dongjun613*********
Apr 28 19:25:03 
Apr 28 19:25:04 任务完成成功，获得：472能量
Apr 28 19:25:04 
Apr 28 19:25:04 ******开始【京东账号2】dongjuncly*********
Apr 28 19:25:04 
Apr 28 19:25:04 任务完成成功，获得：472能量
Apr 28 19:25:04 
Apr 28 19:25:04 ******开始【京东账号3】jd_5ae6176884a9d*********
Apr 28 19:25:04 
Apr 28 19:25:04 任务完成成功，获得：472能量
Apr 28 19:25:04 
Apr 28 19:25:04 🔔东东健康社区收集能量收集, 结束! 🕛 0.67 秒
Apr 28 19:25:04 
Apr 28 19:45:16 
Apr 28 19:45:16 🔔东东健康社区收集能量收集, 开始!
Apr 28 19:45:16 
Apr 28 19:45:16 ====================共3个京东账号Cookie=========
Apr 28 19:45:16 
Apr 28 19:45:16 ==================脚本执行- 北京时间(UTC+8)：4/28/2021, 7:45:16 PM=====================
Apr 28 19:45:16 
Apr 28 19:45:16 
Apr 28 19:45:16 ******开始【京东账号1】dongjun613*********
Apr 28 19:45:16 
Apr 28 19:45:17 任务完成成功，获得：480能量
Apr 28 19:45:17 
Apr 28 19:45:17 ******开始【京东账号2】dongjuncly*********
Apr 28 19:45:17 
Apr 28 19:45:17 任务完成成功，获得：480能量
Apr 28 19:45:17 
Apr 28 19:45:17 ******开始【京东账号3】jd_5ae6176884a9d*********
Apr 28 19:45:17 
Apr 28 19:45:17 任务完成成功，获得：480能量
Apr 28 19:45:17 
Apr 28 19:45:17 🔔东东健康社区收集能量收集, 结束! 🕛 0.682 秒
Apr 28 19:45:17 
Apr 28 20:05:09 
Apr 28 20:05:09 🔔东东健康社区收集能量收集, 开始!
Apr 28 20:05:09 
Apr 28 20:05:09 ====================共3个京东账号Cookie=========
Apr 28 20:05:09 
Apr 28 20:05:09 ==================脚本执行- 北京时间(UTC+8)：4/28/2021, 8:05:09 PM=====================
Apr 28 20:05:09 
Apr 28 20:05:09 
Apr 28 20:05:09 ******开始【京东账号1】dongjun613*********
Apr 28 20:05:09 
Apr 28 20:05:10 任务完成成功，获得：476能量
Apr 28 20:05:10 
Apr 28 20:05:10 ******开始【京东账号2】dongjuncly*********
Apr 28 20:05:10 
Apr 28 20:05:10 任务完成成功，获得：476能量
Apr 28 20:05:10 
Apr 28 20:05:10 ******开始【京东账号3】jd_5ae6176884a9d*********
Apr 28 20:05:10 
Apr 28 20:05:10 任务完成成功，获得：476能量
Apr 28 20:05:10 
Apr 28 20:05:10 🔔东东健康社区收集能量收集, 结束! 🕛 0.678 秒
Apr 28 20:05:10 
Apr 28 20:25:19 
Apr 28 20:25:19 🔔东东健康社区收集能量收集, 开始!
Apr 28 20:25:19 
Apr 28 20:25:19 ====================共3个京东账号Cookie=========
Apr 28 20:25:19 
Apr 28 20:25:19 ==================脚本执行- 北京时间(UTC+8)：4/28/2021, 8:25:19 PM=====================
Apr 28 20:25:19 
Apr 28 20:25:19 
Apr 28 20:25:19 ******开始【京东账号1】dongjun613*********
Apr 28 20:25:19 
Apr 28 20:25:20 任务完成成功，获得：480能量
Apr 28 20:25:20 
Apr 28 20:25:20 ******开始【京东账号2】dongjuncly*********
Apr 28 20:25:20 
Apr 28 20:25:20 任务完成成功，获得：480能量
Apr 28 20:25:20 
Apr 28 20:25:20 ******开始【京东账号3】jd_5ae6176884a9d*********
Apr 28 20:25:20 
Apr 28 20:25:20 任务完成成功，获得：480能量
Apr 28 20:25:20 
Apr 28 20:25:20 🔔东东健康社区收集能量收集, 结束! 🕛 0.667 秒
Apr 28 20:25:20 
Apr 28 20:45:17 
Apr 28 20:45:17 🔔东东健康社区收集能量收集, 开始!
Apr 28 20:45:17 
Apr 28 20:45:17 ====================共3个京东账号Cookie=========
Apr 28 20:45:17 
Apr 28 20:45:17 ==================脚本执行- 北京时间(UTC+8)：4/28/2021, 8:45:17 PM=====================
Apr 28 20:45:17 
Apr 28 20:45:17 
Apr 28 20:45:17 ******开始【京东账号1】dongjun613*********
Apr 28 20:45:17 
Apr 28 20:45:18 任务完成成功，获得：478能量
Apr 28 20:45:18 
Apr 28 20:45:18 ******开始【京东账号2】dongjuncly*********
Apr 28 20:45:18 
Apr 28 20:45:18 任务完成成功，获得：478能量
Apr 28 20:45:18 
Apr 28 20:45:18 ******开始【京东账号3】jd_5ae6176884a9d*********
Apr 28 20:45:18 
Apr 28 20:45:18 任务完成成功，获得：478能量
Apr 28 20:45:18 
Apr 28 20:45:18 🔔东东健康社区收集能量收集, 结束! 🕛 0.642 秒
Apr 28 20:45:18 
Apr 28 21:05:09 
Apr 28 21:05:09 🔔东东健康社区收集能量收集, 开始!
Apr 28 21:05:09 
Apr 28 21:05:09 ====================共3个京东账号Cookie=========
Apr 28 21:05:09 
Apr 28 21:05:10 ==================脚本执行- 北京时间(UTC+8)：4/28/2021, 9:05:09 PM=====================
Apr 28 21:05:10 
Apr 28 21:05:10 
Apr 28 21:05:10 ******开始【京东账号1】dongjun613*********
Apr 28 21:05:10 
Apr 28 21:05:10 任务完成成功，获得：476能量
Apr 28 21:05:10 
Apr 28 21:05:10 ******开始【京东账号2】dongjuncly*********
Apr 28 21:05:10 
Apr 28 21:05:10 任务完成成功，获得：476能量
Apr 28 21:05:10 
Apr 28 21:05:10 ******开始【京东账号3】jd_5ae6176884a9d*********
Apr 28 21:05:10 
Apr 28 21:05:10 任务完成成功，获得：476能量
Apr 28 21:05:10 
Apr 28 21:05:10 🔔东东健康社区收集能量收集, 结束! 🕛 0.767 秒
Apr 28 21:05:10 
Apr 28 21:25:04 
Apr 28 21:25:04 🔔东东健康社区收集能量收集, 开始!
Apr 28 21:25:04 
Apr 28 21:25:04 ====================共3个京东账号Cookie=========
Apr 28 21:25:04 
Apr 28 21:25:04 ==================脚本执行- 北京时间(UTC+8)：4/28/2021, 9:25:04 PM=====================
Apr 28 21:25:04 
Apr 28 21:25:04 
Apr 28 21:25:04 ******开始【京东账号1】dongjun613*********
Apr 28 21:25:04 
Apr 28 21:25:05 任务完成成功，获得：476能量
Apr 28 21:25:05 
Apr 28 21:25:05 ******开始【京东账号2】dongjuncly*********
Apr 28 21:25:05 
Apr 28 21:25:05 任务完成成功，获得：476能量
Apr 28 21:25:05 
Apr 28 21:25:05 ******开始【京东账号3】jd_5ae6176884a9d*********
Apr 28 21:25:05 
Apr 28 21:25:05 任务完成成功，获得：476能量
Apr 28 21:25:05 
Apr 28 21:25:05 🔔东东健康社区收集能量收集, 结束! 🕛 0.679 秒
Apr 28 21:25:05 
Apr 28 21:45:17 
Apr 28 21:45:17 🔔东东健康社区收集能量收集, 开始!
Apr 28 21:45:17 
Apr 28 21:45:17 ====================共3个京东账号Cookie=========
Apr 28 21:45:17 
Apr 28 21:45:17 ==================脚本执行- 北京时间(UTC+8)：4/28/2021, 9:45:17 PM=====================
Apr 28 21:45:17 
Apr 28 21:45:17 
Apr 28 21:45:17 ******开始【京东账号1】dongjun613*********
Apr 28 21:45:17 
Apr 28 21:45:17 任务完成成功，获得：480能量
Apr 28 21:45:17 
Apr 28 21:45:17 ******开始【京东账号2】dongjuncly*********
Apr 28 21:45:17 
Apr 28 21:45:17 任务完成成功，获得：480能量
Apr 28 21:45:17 
Apr 28 21:45:17 ******开始【京东账号3】jd_5ae6176884a9d*********
Apr 28 21:45:17 
Apr 28 21:45:17 任务完成成功，获得：480能量
Apr 28 21:45:17 
Apr 28 21:45:17 🔔东东健康社区收集能量收集, 结束! 🕛 0.674 秒
Apr 28 21:45:17 
Apr 28 22:05:07 
Apr 28 22:05:07 🔔东东健康社区收集能量收集, 开始!
Apr 28 22:05:07 
Apr 28 22:05:07 ====================共3个京东账号Cookie=========
Apr 28 22:05:07 
Apr 28 22:05:07 ==================脚本执行- 北京时间(UTC+8)：4/28/2021, 10:05:07 PM=====================
Apr 28 22:05:07 
Apr 28 22:05:07 
Apr 28 22:05:07 ******开始【京东账号1】dongjun613*********
Apr 28 22:05:07 
Apr 28 22:05:07 任务完成成功，获得：476能量
Apr 28 22:05:07 
Apr 28 22:05:07 ******开始【京东账号2】dongjuncly*********
Apr 28 22:05:07 
Apr 28 22:05:07 任务完成成功，获得：476能量
Apr 28 22:05:07 
Apr 28 22:05:07 ******开始【京东账号3】jd_5ae6176884a9d*********
Apr 28 22:05:07 
Apr 28 22:05:07 任务完成成功，获得：476能量
Apr 28 22:05:07 
Apr 28 22:05:07 🔔东东健康社区收集能量收集, 结束! 🕛 0.664 秒
Apr 28 22:05:07 
Apr 28 22:25:07 
Apr 28 22:25:07 🔔东东健康社区收集能量收集, 开始!
Apr 28 22:25:07 
Apr 28 22:25:07 ====================共3个京东账号Cookie=========
Apr 28 22:25:07 
Apr 28 22:25:07 ==================脚本执行- 北京时间(UTC+8)：4/28/2021, 10:25:07 PM=====================
Apr 28 22:25:07 
Apr 28 22:25:07 
Apr 28 22:25:07 ******开始【京东账号1】dongjun613*********
Apr 28 22:25:07 
Apr 28 22:25:07 任务完成成功，获得：284能量
Apr 28 22:25:07 
Apr 28 22:25:07 ******开始【京东账号2】dongjuncly*********
Apr 28 22:25:07 
Apr 28 22:25:07 任务完成成功，获得：276能量
Apr 28 22:25:07 
Apr 28 22:25:07 ******开始【京东账号3】jd_5ae6176884a9d*********
Apr 28 22:25:07 
Apr 28 22:25:07 任务完成成功，获得：268能量
Apr 28 22:25:07 
Apr 28 22:25:07 🔔东东健康社区收集能量收集, 结束! 🕛 0.678 秒
Apr 28 22:25:07 
Apr 28 22:45:26 
Apr 28 22:45:26 🔔东东健康社区收集能量收集, 开始!
Apr 28 22:45:26 
Apr 28 22:45:26 ====================共3个京东账号Cookie=========
Apr 28 22:45:26 
Apr 28 22:45:26 ==================脚本执行- 北京时间(UTC+8)：4/28/2021, 10:45:26 PM=====================
Apr 28 22:45:26 
Apr 28 22:45:26 
Apr 28 22:45:26 ******开始【京东账号1】dongjun613*********
Apr 28 22:45:26 
Apr 28 22:45:26 任务完成成功，获得：480能量
Apr 28 22:45:26 
Apr 28 22:45:26 ******开始【京东账号2】dongjuncly*********
Apr 28 22:45:26 
Apr 28 22:45:26 任务完成成功，获得：480能量
Apr 28 22:45:26 
Apr 28 22:45:26 ******开始【京东账号3】jd_5ae6176884a9d*********
Apr 28 22:45:26 
Apr 28 22:45:26 任务完成成功，获得：480能量
Apr 28 22:45:26 
Apr 28 22:45:26 🔔东东健康社区收集能量收集, 结束! 🕛 0.662 秒
Apr 28 22:45:26 
Apr 28 23:05:14 
Apr 28 23:05:14 🔔东东健康社区收集能量收集, 开始!
Apr 28 23:05:14 
Apr 28 23:05:14 ====================共3个京东账号Cookie=========
Apr 28 23:05:14 
Apr 28 23:05:14 ==================脚本执行- 北京时间(UTC+8)：4/28/2021, 11:05:14 PM=====================
Apr 28 23:05:14 
Apr 28 23:05:14 
Apr 28 23:05:14 ******开始【京东账号1】dongjun613*********
Apr 28 23:05:14 
Apr 28 23:05:14 任务完成成功，获得：474能量
Apr 28 23:05:14 
Apr 28 23:05:14 ******开始【京东账号2】dongjuncly*********
Apr 28 23:05:14 
Apr 28 23:05:14 任务完成成功，获得：474能量
Apr 28 23:05:14 
Apr 28 23:05:14 ******开始【京东账号3】jd_5ae6176884a9d*********
Apr 28 23:05:14 
Apr 28 23:05:14 任务完成成功，获得：474能量
Apr 28 23:05:14 
Apr 28 23:05:14 🔔东东健康社区收集能量收集, 结束! 🕛 0.671 秒
Apr 28 23:05:14 
Apr 28 23:25:10 
Apr 28 23:25:10 🔔东东健康社区收集能量收集, 开始!
Apr 28 23:25:10 
Apr 28 23:25:10 ====================共3个京东账号Cookie=========
Apr 28 23:25:10 
Apr 28 23:25:10 ==================脚本执行- 北京时间(UTC+8)：4/28/2021, 11:25:10 PM=====================
Apr 28 23:25:10 
Apr 28 23:25:10 
Apr 28 23:25:10 ******开始【京东账号1】dongjun613*********
Apr 28 23:25:10 
Apr 28 23:25:10 任务完成成功，获得：478能量
Apr 28 23:25:10 
Apr 28 23:25:10 ******开始【京东账号2】dongjuncly*********
Apr 28 23:25:10 
Apr 28 23:25:10 任务完成成功，获得：478能量
Apr 28 23:25:10 
Apr 28 23:25:10 ******开始【京东账号3】jd_5ae6176884a9d*********
Apr 28 23:25:10 
Apr 28 23:25:10 任务完成成功，获得：478能量
Apr 28 23:25:10 
Apr 28 23:25:10 🔔东东健康社区收集能量收集, 结束! 🕛 0.669 秒
Apr 28 23:25:10 
Apr 28 23:45:20 
Apr 28 23:45:20 🔔东东健康社区收集能量收集, 开始!
Apr 28 23:45:20 
Apr 28 23:45:20 ====================共3个京东账号Cookie=========
Apr 28 23:45:20 
Apr 28 23:45:20 ==================脚本执行- 北京时间(UTC+8)：4/28/2021, 11:45:20 PM=====================
Apr 28 23:45:20 
Apr 28 23:45:20 
Apr 28 23:45:20 ******开始【京东账号1】dongjun613*********
Apr 28 23:45:20 
Apr 28 23:45:20 任务完成成功，获得：480能量
Apr 28 23:45:20 
Apr 28 23:45:20 ******开始【京东账号2】dongjuncly*********
Apr 28 23:45:20 
Apr 28 23:45:20 任务完成成功，获得：480能量
Apr 28 23:45:20 
Apr 28 23:45:20 ******开始【京东账号3】jd_5ae6176884a9d*********
Apr 28 23:45:20 
Apr 28 23:45:20 任务完成成功，获得：480能量
Apr 28 23:45:20 
Apr 28 23:45:20 🔔东东健康社区收集能量收集, 结束! 🕛 0.658 秒
Apr 28 23:45:20 
Apr 29 00:05:11 
Apr 29 00:05:11 🔔东东健康社区收集能量收集, 开始!
Apr 29 00:05:11 
Apr 29 00:05:11 ====================共3个京东账号Cookie=========
Apr 29 00:05:11 
Apr 29 00:05:11 ==================脚本执行- 北京时间(UTC+8)：4/29/2021, 12:05:11 AM=====================
Apr 29 00:05:11 
Apr 29 00:05:11 
Apr 29 00:05:11 ******开始【京东账号1】dongjun613*********
Apr 29 00:05:11 
Apr 29 00:05:11 任务完成成功，获得：476能量
Apr 29 00:05:11 
Apr 29 00:05:11 ******开始【京东账号2】dongjuncly*********
Apr 29 00:05:11 
Apr 29 00:05:11 任务完成成功，获得：476能量
Apr 29 00:05:11 
Apr 29 00:05:11 ******开始【京东账号3】jd_5ae6176884a9d*********
Apr 29 00:05:11 
Apr 29 00:05:11 任务完成成功，获得：476能量
Apr 29 00:05:11 
Apr 29 00:05:11 🔔东东健康社区收集能量收集, 结束! 🕛 0.673 秒
Apr 29 00:05:11 
Apr 29 00:25:26 
Apr 29 00:25:26 🔔东东健康社区收集能量收集, 开始!
Apr 29 00:25:26 
Apr 29 00:25:26 ====================共3个京东账号Cookie=========
Apr 29 00:25:26 
Apr 29 00:25:26 ==================脚本执行- 北京时间(UTC+8)：4/29/2021, 12:25:26 AM=====================
Apr 29 00:25:26 
Apr 29 00:25:26 
Apr 29 00:25:26 ******开始【京东账号1】dongjun613*********
Apr 29 00:25:26 
Apr 29 00:25:26 任务完成成功，获得：480能量
Apr 29 00:25:26 
Apr 29 00:25:26 ******开始【京东账号2】dongjuncly*********
Apr 29 00:25:26 
Apr 29 00:25:26 任务完成成功，获得：480能量
Apr 29 00:25:26 
Apr 29 00:25:26 ******开始【京东账号3】jd_5ae6176884a9d*********
Apr 29 00:25:26 
Apr 29 00:25:26 任务完成成功，获得：480能量
Apr 29 00:25:26 
Apr 29 00:25:26 🔔东东健康社区收集能量收集, 结束! 🕛 0.675 秒
Apr 29 00:25:26 
Apr 29 00:45:18 
Apr 29 00:45:18 🔔东东健康社区收集能量收集, 开始!
Apr 29 00:45:18 
Apr 29 00:45:18 ====================共3个京东账号Cookie=========
Apr 29 00:45:18 
Apr 29 00:45:18 ==================脚本执行- 北京时间(UTC+8)：4/29/2021, 12:45:18 AM=====================
Apr 29 00:45:18 
Apr 29 00:45:18 
Apr 29 00:45:18 ******开始【京东账号1】dongjun613*********
Apr 29 00:45:18 
Apr 29 00:45:18 任务完成成功，获得：476能量
Apr 29 00:45:18 
Apr 29 00:45:18 ******开始【京东账号2】dongjuncly*********
Apr 29 00:45:18 
Apr 29 00:45:18 任务完成成功，获得：476能量
Apr 29 00:45:18 
Apr 29 00:45:18 ******开始【京东账号3】jd_5ae6176884a9d*********
Apr 29 00:45:18 
Apr 29 00:45:18 任务完成成功，获得：476能量
Apr 29 00:45:18 
Apr 29 00:45:18 🔔东东健康社区收集能量收集, 结束! 🕛 0.649 秒
Apr 29 00:45:18 
Apr 29 01:05:19 
Apr 29 01:05:19 🔔东东健康社区收集能量收集, 开始!
Apr 29 01:05:19 
Apr 29 01:05:19 ====================共3个京东账号Cookie=========
Apr 29 01:05:19 
Apr 29 01:05:19 ==================脚本执行- 北京时间(UTC+8)：4/29/2021, 1:05:19 AM=====================
Apr 29 01:05:19 
Apr 29 01:05:19 
Apr 29 01:05:19 ******开始【京东账号1】dongjun613*********
Apr 29 01:05:19 
Apr 29 01:05:19 任务完成成功，获得：480能量
Apr 29 01:05:19 
Apr 29 01:05:19 ******开始【京东账号2】dongjuncly*********
Apr 29 01:05:19 
Apr 29 01:05:19 任务完成成功，获得：480能量
Apr 29 01:05:19 
Apr 29 01:05:19 ******开始【京东账号3】jd_5ae6176884a9d*********
Apr 29 01:05:19 
Apr 29 01:05:19 任务完成成功，获得：480能量
Apr 29 01:05:19 
Apr 29 01:05:19 🔔东东健康社区收集能量收集, 结束! 🕛 0.676 秒
Apr 29 01:05:19 
Apr 29 01:25:00 
Apr 29 01:25:00 🔔东东健康社区收集能量收集, 开始!
Apr 29 01:25:00 
Apr 29 01:25:00 ====================共3个京东账号Cookie=========
Apr 29 01:25:00 
Apr 29 01:25:00 ==================脚本执行- 北京时间(UTC+8)：4/29/2021, 1:25:00 AM=====================
Apr 29 01:25:00 
Apr 29 01:25:00 
Apr 29 01:25:00 ******开始【京东账号1】dongjun613*********
Apr 29 01:25:00 
Apr 29 01:25:00 任务完成成功，获得：234能量
Apr 29 01:25:00 
Apr 29 01:25:00 ******开始【京东账号2】dongjuncly*********
Apr 29 01:25:00 
Apr 29 01:25:00 任务完成成功，获得：180能量
Apr 29 01:25:00 
Apr 29 01:25:00 ******开始【京东账号3】jd_5ae6176884a9d*********
Apr 29 01:25:00 
Apr 29 01:25:01 任务完成成功，获得：124能量
Apr 29 01:25:01 
Apr 29 01:25:01 🔔东东健康社区收集能量收集, 结束! 🕛 0.679 秒
Apr 29 01:25:01 
Apr 29 01:45:03 
Apr 29 01:45:03 🔔东东健康社区收集能量收集, 开始!
Apr 29 01:45:03 
Apr 29 01:45:03 ====================共3个京东账号Cookie=========
Apr 29 01:45:03 
Apr 29 01:45:03 ==================脚本执行- 北京时间(UTC+8)：4/29/2021, 1:45:03 AM=====================
Apr 29 01:45:03 
Apr 29 01:45:03 
Apr 29 01:45:03 ******开始【京东账号1】dongjun613*********
Apr 29 01:45:03 
Apr 29 01:45:03 任务完成成功，获得：480能量
Apr 29 01:45:03 
Apr 29 01:45:03 ******开始【京东账号2】dongjuncly*********
Apr 29 01:45:03 
Apr 29 01:45:03 任务完成成功，获得：480能量
Apr 29 01:45:03 
Apr 29 01:45:03 ******开始【京东账号3】jd_5ae6176884a9d*********
Apr 29 01:45:03 
Apr 29 01:45:04 任务完成成功，获得：480能量
Apr 29 01:45:04 
Apr 29 01:45:04 🔔东东健康社区收集能量收集, 结束! 🕛 0.659 秒
Apr 29 01:45:04 
Apr 29 02:05:21 
Apr 29 02:05:21 🔔东东健康社区收集能量收集, 开始!
Apr 29 02:05:21 
Apr 29 02:05:21 ====================共3个京东账号Cookie=========
Apr 29 02:05:21 
Apr 29 02:05:21 ==================脚本执行- 北京时间(UTC+8)：4/29/2021, 2:05:21 AM=====================
Apr 29 02:05:21 
Apr 29 02:05:21 
Apr 29 02:05:21 ******开始【京东账号1】dongjun613*********
Apr 29 02:05:21 
Apr 29 02:05:21 任务完成成功，获得：480能量
Apr 29 02:05:21 
Apr 29 02:05:21 ******开始【京东账号2】dongjuncly*********
Apr 29 02:05:21 
Apr 29 02:05:21 任务完成成功，获得：480能量
Apr 29 02:05:21 
Apr 29 02:05:21 ******开始【京东账号3】jd_5ae6176884a9d*********
Apr 29 02:05:21 
Apr 29 02:05:22 任务完成成功，获得：480能量
Apr 29 02:05:22 
Apr 29 02:05:22 🔔东东健康社区收集能量收集, 结束! 🕛 0.66 秒
Apr 29 02:05:22 
Apr 29 02:25:29 
Apr 29 02:25:29 🔔东东健康社区收集能量收集, 开始!
Apr 29 02:25:29 
Apr 29 02:25:29 ====================共3个京东账号Cookie=========
Apr 29 02:25:29 
Apr 29 02:25:29 ==================脚本执行- 北京时间(UTC+8)：4/29/2021, 2:25:29 AM=====================
Apr 29 02:25:29 
Apr 29 02:25:29 
Apr 29 02:25:29 ******开始【京东账号1】dongjun613*********
Apr 29 02:25:29 
Apr 29 02:25:29 任务完成成功，获得：480能量
Apr 29 02:25:29 
Apr 29 02:25:29 ******开始【京东账号2】dongjuncly*********
Apr 29 02:25:29 
Apr 29 02:25:29 任务完成成功，获得：480能量
Apr 29 02:25:29 
Apr 29 02:25:29 ******开始【京东账号3】jd_5ae6176884a9d*********
Apr 29 02:25:29 
Apr 29 02:25:30 任务完成成功，获得：480能量
Apr 29 02:25:30 
Apr 29 02:25:30 🔔东东健康社区收集能量收集, 结束! 🕛 0.656 秒
Apr 29 02:25:30 
Apr 29 02:45:23 
Apr 29 02:45:23 🔔东东健康社区收集能量收集, 开始!
Apr 29 02:45:23 
Apr 29 02:45:23 ====================共3个京东账号Cookie=========
Apr 29 02:45:23 
Apr 29 02:45:23 ==================脚本执行- 北京时间(UTC+8)：4/29/2021, 2:45:23 AM=====================
Apr 29 02:45:23 
Apr 29 02:45:23 
Apr 29 02:45:23 ******开始【京东账号1】dongjun613*********
Apr 29 02:45:23 
Apr 29 02:45:23 任务完成成功，获得：476能量
Apr 29 02:45:23 
Apr 29 02:45:23 ******开始【京东账号2】dongjuncly*********
Apr 29 02:45:23 
Apr 29 02:45:23 任务完成成功，获得：476能量
Apr 29 02:45:23 
Apr 29 02:45:23 ******开始【京东账号3】jd_5ae6176884a9d*********
Apr 29 02:45:23 
Apr 29 02:45:24 任务完成成功，获得：476能量
Apr 29 02:45:24 
Apr 29 02:45:24 🔔东东健康社区收集能量收集, 结束! 🕛 0.656 秒
Apr 29 02:45:24 
Apr 29 03:05:21 
Apr 29 03:05:21 🔔东东健康社区收集能量收集, 开始!
Apr 29 03:05:21 
Apr 29 03:05:21 ====================共3个京东账号Cookie=========
Apr 29 03:05:21 
Apr 29 03:05:21 ==================脚本执行- 北京时间(UTC+8)：4/29/2021, 3:05:21 AM=====================
Apr 29 03:05:21 
Apr 29 03:05:21 
Apr 29 03:05:21 ******开始【京东账号1】dongjun613*********
Apr 29 03:05:21 
Apr 29 03:05:21 任务完成成功，获得：478能量
Apr 29 03:05:21 
Apr 29 03:05:21 ******开始【京东账号2】dongjuncly*********
Apr 29 03:05:21 
Apr 29 03:05:21 任务完成成功，获得：478能量
Apr 29 03:05:21 
Apr 29 03:05:21 ******开始【京东账号3】jd_5ae6176884a9d*********
Apr 29 03:05:21 
Apr 29 03:05:22 任务完成成功，获得：478能量
Apr 29 03:05:22 
Apr 29 03:05:22 🔔东东健康社区收集能量收集, 结束! 🕛 0.669 秒
Apr 29 03:05:22 
Apr 29 03:25:24 
Apr 29 03:25:24 🔔东东健康社区收集能量收集, 开始!
Apr 29 03:25:24 
Apr 29 03:25:24 ====================共3个京东账号Cookie=========
Apr 29 03:25:24 
Apr 29 03:25:24 ==================脚本执行- 北京时间(UTC+8)：4/29/2021, 3:25:24 AM=====================
Apr 29 03:25:24 
Apr 29 03:25:24 
Apr 29 03:25:24 ******开始【京东账号1】dongjun613*********
Apr 29 03:25:24 
Apr 29 03:25:24 任务完成成功，获得：480能量
Apr 29 03:25:24 
Apr 29 03:25:24 ******开始【京东账号2】dongjuncly*********
Apr 29 03:25:24 
Apr 29 03:25:25 任务完成成功，获得：480能量
Apr 29 03:25:25 
Apr 29 03:25:25 ******开始【京东账号3】jd_5ae6176884a9d*********
Apr 29 03:25:25 
Apr 29 03:25:25 任务完成成功，获得：480能量
Apr 29 03:25:25 
Apr 29 03:25:25 🔔东东健康社区收集能量收集, 结束! 🕛 0.665 秒
Apr 29 03:25:25 
Apr 29 03:45:11 
Apr 29 03:45:11 🔔东东健康社区收集能量收集, 开始!
Apr 29 03:45:11 
Apr 29 03:45:11 ====================共3个京东账号Cookie=========
Apr 29 03:45:11 
Apr 29 03:45:11 ==================脚本执行- 北京时间(UTC+8)：4/29/2021, 3:45:11 AM=====================
Apr 29 03:45:11 
Apr 29 03:45:11 
Apr 29 03:45:11 ******开始【京东账号1】dongjun613*********
Apr 29 03:45:11 
Apr 29 03:45:11 任务完成成功，获得：474能量
Apr 29 03:45:11 
Apr 29 03:45:11 ******开始【京东账号2】dongjuncly*********
Apr 29 03:45:11 
Apr 29 03:45:12 任务完成成功，获得：474能量
Apr 29 03:45:12 
Apr 29 03:45:12 ******开始【京东账号3】jd_5ae6176884a9d*********
Apr 29 03:45:12 
Apr 29 03:45:12 任务完成成功，获得：474能量
Apr 29 03:45:12 
Apr 29 03:45:12 🔔东东健康社区收集能量收集, 结束! 🕛 0.666 秒
Apr 29 03:45:12 
Apr 29 04:05:15 
Apr 29 04:05:15 🔔东东健康社区收集能量收集, 开始!
Apr 29 04:05:15 
Apr 29 04:05:15 ====================共3个京东账号Cookie=========
Apr 29 04:05:15 
Apr 29 04:05:15 ==================脚本执行- 北京时间(UTC+8)：4/29/2021, 4:05:15 AM=====================
Apr 29 04:05:15 
Apr 29 04:05:15 
Apr 29 04:05:15 ******开始【京东账号1】dongjun613*********
Apr 29 04:05:15 
Apr 29 04:05:15 任务完成成功，获得：480能量
Apr 29 04:05:15 
Apr 29 04:05:15 ******开始【京东账号2】dongjuncly*********
Apr 29 04:05:15 
Apr 29 04:05:16 任务完成成功，获得：480能量
Apr 29 04:05:16 
Apr 29 04:05:16 ******开始【京东账号3】jd_5ae6176884a9d*********
Apr 29 04:05:16 
Apr 29 04:05:16 任务完成成功，获得：480能量
Apr 29 04:05:16 
Apr 29 04:05:16 🔔东东健康社区收集能量收集, 结束! 🕛 0.695 秒
Apr 29 04:05:16 
Apr 29 04:25:29 
Apr 29 04:25:29 🔔东东健康社区收集能量收集, 开始!
Apr 29 04:25:29 
Apr 29 04:25:29 ====================共3个京东账号Cookie=========
Apr 29 04:25:29 
Apr 29 04:25:29 ==================脚本执行- 北京时间(UTC+8)：4/29/2021, 4:25:29 AM=====================
Apr 29 04:25:29 
Apr 29 04:25:29 
Apr 29 04:25:29 ******开始【京东账号1】dongjun613*********
Apr 29 04:25:29 
Apr 29 04:25:29 任务完成成功，获得：480能量
Apr 29 04:25:29 
Apr 29 04:25:29 ******开始【京东账号2】dongjuncly*********
Apr 29 04:25:29 
Apr 29 04:25:30 任务完成成功，获得：480能量
Apr 29 04:25:30 
Apr 29 04:25:30 ******开始【京东账号3】jd_5ae6176884a9d*********
Apr 29 04:25:30 
Apr 29 04:25:30 任务完成成功，获得：480能量
Apr 29 04:25:30 
Apr 29 04:25:30 🔔东东健康社区收集能量收集, 结束! 🕛 0.685 秒
Apr 29 04:25:30 
Apr 29 04:45:27 
Apr 29 04:45:27 🔔东东健康社区收集能量收集, 开始!
Apr 29 04:45:27 
Apr 29 04:45:27 ====================共3个京东账号Cookie=========
Apr 29 04:45:27 
Apr 29 04:45:27 ==================脚本执行- 北京时间(UTC+8)：4/29/2021, 4:45:27 AM=====================
Apr 29 04:45:27 
Apr 29 04:45:27 
Apr 29 04:45:27 ******开始【京东账号1】dongjun613*********
Apr 29 04:45:27 
Apr 29 04:45:27 任务完成成功，获得：478能量
Apr 29 04:45:27 
Apr 29 04:45:27 ******开始【京东账号2】dongjuncly*********
Apr 29 04:45:27 
Apr 29 04:45:28 任务完成成功，获得：478能量
Apr 29 04:45:28 
Apr 29 04:45:28 ******开始【京东账号3】jd_5ae6176884a9d*********
Apr 29 04:45:28 
Apr 29 04:45:28 任务完成成功，获得：478能量
Apr 29 04:45:28 
Apr 29 04:45:28 🔔东东健康社区收集能量收集, 结束! 🕛 0.67 秒
Apr 29 04:45:28 
Apr 29 05:05:18 
Apr 29 05:05:18 🔔东东健康社区收集能量收集, 开始!
Apr 29 05:05:18 
Apr 29 05:05:18 ====================共3个京东账号Cookie=========
Apr 29 05:05:18 
Apr 29 05:05:18 ==================脚本执行- 北京时间(UTC+8)：4/29/2021, 5:05:18 AM=====================
Apr 29 05:05:18 
Apr 29 05:05:18 
Apr 29 05:05:18 ******开始【京东账号1】dongjun613*********
Apr 29 05:05:18 
Apr 29 05:05:19 任务完成成功，获得：476能量
Apr 29 05:05:19 
Apr 29 05:05:19 ******开始【京东账号2】dongjuncly*********
Apr 29 05:05:19 
Apr 29 05:05:19 任务完成成功，获得：476能量
Apr 29 05:05:19 
Apr 29 05:05:19 ******开始【京东账号3】jd_5ae6176884a9d*********
Apr 29 05:05:19 
Apr 29 05:05:19 任务完成成功，获得：476能量
Apr 29 05:05:19 
Apr 29 05:05:19 🔔东东健康社区收集能量收集, 结束! 🕛 0.69 秒
Apr 29 05:05:19 
Apr 29 05:25:12 
Apr 29 05:25:12 🔔东东健康社区收集能量收集, 开始!
Apr 29 05:25:12 
Apr 29 05:25:12 ====================共3个京东账号Cookie=========
Apr 29 05:25:12 
Apr 29 05:25:12 ==================脚本执行- 北京时间(UTC+8)：4/29/2021, 5:25:12 AM=====================
Apr 29 05:25:12 
Apr 29 05:25:12 
Apr 29 05:25:12 ******开始【京东账号1】dongjun613*********
Apr 29 05:25:12 
Apr 29 05:25:13 任务完成成功，获得：476能量
Apr 29 05:25:13 
Apr 29 05:25:13 ******开始【京东账号2】dongjuncly*********
Apr 29 05:25:13 
Apr 29 05:25:13 任务完成成功，获得：476能量
Apr 29 05:25:13 
Apr 29 05:25:13 ******开始【京东账号3】jd_5ae6176884a9d*********
Apr 29 05:25:13 
Apr 29 05:25:13 任务完成成功，获得：476能量
Apr 29 05:25:13 
Apr 29 05:25:13 🔔东东健康社区收集能量收集, 结束! 🕛 0.645 秒
Apr 29 05:25:13 
Apr 29 05:45:04 
Apr 29 05:45:04 🔔东东健康社区收集能量收集, 开始!
Apr 29 05:45:04 
Apr 29 05:45:04 ====================共3个京东账号Cookie=========
Apr 29 05:45:04 
Apr 29 05:45:04 ==================脚本执行- 北京时间(UTC+8)：4/29/2021, 5:45:04 AM=====================
Apr 29 05:45:04 
Apr 29 05:45:04 
Apr 29 05:45:04 ******开始【京东账号1】dongjun613*********
Apr 29 05:45:04 
Apr 29 05:45:05 任务完成成功，获得：476能量
Apr 29 05:45:05 
Apr 29 05:45:05 ******开始【京东账号2】dongjuncly*********
Apr 29 05:45:05 
Apr 29 05:45:05 任务完成成功，获得：476能量
Apr 29 05:45:05 
Apr 29 05:45:05 ******开始【京东账号3】jd_5ae6176884a9d*********
Apr 29 05:45:05 
Apr 29 05:45:05 任务完成成功，获得：476能量
Apr 29 05:45:05 
Apr 29 05:45:05 🔔东东健康社区收集能量收集, 结束! 🕛 0.678 秒
Apr 29 05:45:05 
Apr 29 06:05:14 
Apr 29 06:05:14 🔔东东健康社区收集能量收集, 开始!
Apr 29 06:05:14 
Apr 29 06:05:14 ====================共3个京东账号Cookie=========
Apr 29 06:05:14 
Apr 29 06:05:14 ==================脚本执行- 北京时间(UTC+8)：4/29/2021, 6:05:14 AM=====================
Apr 29 06:05:14 
Apr 29 06:05:14 
Apr 29 06:05:14 ******开始【京东账号1】dongjun613*********
Apr 29 06:05:14 
Apr 29 06:05:15 任务完成成功，获得：480能量
Apr 29 06:05:15 
Apr 29 06:05:15 ******开始【京东账号2】dongjuncly*********
Apr 29 06:05:15 
Apr 29 06:05:15 任务完成成功，获得：480能量
Apr 29 06:05:15 
Apr 29 06:05:15 ******开始【京东账号3】jd_5ae6176884a9d*********
Apr 29 06:05:15 
Apr 29 06:05:15 任务完成成功，获得：480能量
Apr 29 06:05:15 
Apr 29 06:05:15 🔔东东健康社区收集能量收集, 结束! 🕛 0.685 秒
Apr 29 06:05:15 
Apr 29 06:25:10 
Apr 29 06:25:10 🔔东东健康社区收集能量收集, 开始!
Apr 29 06:25:10 
Apr 29 06:25:10 ====================共3个京东账号Cookie=========
Apr 29 06:25:10 
Apr 29 06:25:10 ==================脚本执行- 北京时间(UTC+8)：4/29/2021, 6:25:10 AM=====================
Apr 29 06:25:10 
Apr 29 06:25:10 
Apr 29 06:25:10 ******开始【京东账号1】dongjun613*********
Apr 29 06:25:10 
Apr 29 06:25:11 任务完成成功，获得：286能量
Apr 29 06:25:11 
Apr 29 06:25:11 ******开始【京东账号2】dongjuncly*********
Apr 29 06:25:11 
Apr 29 06:25:11 任务完成成功，获得：278能量
Apr 29 06:25:11 
Apr 29 06:25:11 ******开始【京东账号3】jd_5ae6176884a9d*********
Apr 29 06:25:11 
Apr 29 06:25:11 任务完成成功，获得：270能量
Apr 29 06:25:11 
Apr 29 06:25:11 🔔东东健康社区收集能量收集, 结束! 🕛 0.652 秒
Apr 29 06:25:11 
Apr 29 06:45:04 
Apr 29 06:45:04 🔔东东健康社区收集能量收集, 开始!
Apr 29 06:45:04 
Apr 29 06:45:04 ====================共3个京东账号Cookie=========
Apr 29 06:45:04 
Apr 29 06:45:04 ==================脚本执行- 北京时间(UTC+8)：4/29/2021, 6:45:04 AM=====================
Apr 29 06:45:04 
Apr 29 06:45:04 
Apr 29 06:45:04 ******开始【京东账号1】dongjun613*********
Apr 29 06:45:04 
Apr 29 06:45:05 任务完成成功，获得：476能量
Apr 29 06:45:05 
Apr 29 06:45:05 ******开始【京东账号2】dongjuncly*********
Apr 29 06:45:05 
Apr 29 06:45:05 任务完成成功，获得：476能量
Apr 29 06:45:05 
Apr 29 06:45:05 ******开始【京东账号3】jd_5ae6176884a9d*********
Apr 29 06:45:05 
Apr 29 06:45:05 任务完成成功，获得：476能量
Apr 29 06:45:05 
Apr 29 06:45:05 🔔东东健康社区收集能量收集, 结束! 🕛 0.666 秒
Apr 29 06:45:05 
Apr 29 07:05:05 
Apr 29 07:05:05 🔔东东健康社区收集能量收集, 开始!
Apr 29 07:05:05 
Apr 29 07:05:05 ====================共3个京东账号Cookie=========
Apr 29 07:05:05 
Apr 29 07:05:05 ==================脚本执行- 北京时间(UTC+8)：4/29/2021, 7:05:05 AM=====================
Apr 29 07:05:05 
Apr 29 07:05:05 
Apr 29 07:05:05 ******开始【京东账号1】dongjun613*********
Apr 29 07:05:05 
Apr 29 07:05:06 任务完成成功，获得：480能量
Apr 29 07:05:06 
Apr 29 07:05:06 ******开始【京东账号2】dongjuncly*********
Apr 29 07:05:06 
Apr 29 07:05:06 任务完成成功，获得：480能量
Apr 29 07:05:06 
Apr 29 07:05:06 ******开始【京东账号3】jd_5ae6176884a9d*********
Apr 29 07:05:06 
Apr 29 07:05:06 任务完成成功，获得：480能量
Apr 29 07:05:06 
Apr 29 07:05:06 🔔东东健康社区收集能量收集, 结束! 🕛 0.668 秒
Apr 29 07:05:06 
Apr 29 07:25:05 
Apr 29 07:25:05 🔔东东健康社区收集能量收集, 开始!
Apr 29 07:25:05 
Apr 29 07:25:05 ====================共3个京东账号Cookie=========
Apr 29 07:25:05 
Apr 29 07:25:05 ==================脚本执行- 北京时间(UTC+8)：4/29/2021, 7:25:05 AM=====================
Apr 29 07:25:05 
Apr 29 07:25:05 
Apr 29 07:25:05 ******开始【京东账号1】dongjun613*********
Apr 29 07:25:05 
Apr 29 07:25:06 任务完成成功，获得：478能量
Apr 29 07:25:06 
Apr 29 07:25:06 ******开始【京东账号2】dongjuncly*********
Apr 29 07:25:06 
Apr 29 07:25:06 任务完成成功，获得：478能量
Apr 29 07:25:06 
Apr 29 07:25:06 ******开始【京东账号3】jd_5ae6176884a9d*********
Apr 29 07:25:06 
Apr 29 07:25:06 任务完成成功，获得：478能量
Apr 29 07:25:06 
Apr 29 07:25:06 🔔东东健康社区收集能量收集, 结束! 🕛 0.665 秒
Apr 29 07:25:06 
Apr 29 07:45:04 
Apr 29 07:45:04 🔔东东健康社区收集能量收集, 开始!
Apr 29 07:45:04 
Apr 29 07:45:04 ====================共3个京东账号Cookie=========
Apr 29 07:45:04 
Apr 29 07:45:04 ==================脚本执行- 北京时间(UTC+8)：4/29/2021, 7:45:04 AM=====================
Apr 29 07:45:04 
Apr 29 07:45:04 
Apr 29 07:45:04 ******开始【京东账号1】dongjun613*********
Apr 29 07:45:04 
Apr 29 07:45:05 任务完成成功，获得：478能量
Apr 29 07:45:05 
Apr 29 07:45:05 ******开始【京东账号2】dongjuncly*********
Apr 29 07:45:05 
Apr 29 07:45:05 任务完成成功，获得：478能量
Apr 29 07:45:05 
Apr 29 07:45:05 ******开始【京东账号3】jd_5ae6176884a9d*********
Apr 29 07:45:05 
Apr 29 07:45:05 任务完成成功，获得：478能量
Apr 29 07:45:05 
Apr 29 07:45:05 🔔东东健康社区收集能量收集, 结束! 🕛 0.693 秒
Apr 29 07:45:05 
Apr 29 08:05:11 
Apr 29 08:05:11 🔔东东健康社区收集能量收集, 开始!
Apr 29 08:05:11 
Apr 29 08:05:11 ====================共3个京东账号Cookie=========
Apr 29 08:05:11 
Apr 29 08:05:11 ==================脚本执行- 北京时间(UTC+8)：4/29/2021, 8:05:11 AM=====================
Apr 29 08:05:11 
Apr 29 08:05:11 
Apr 29 08:05:11 ******开始【京东账号1】dongjun613*********
Apr 29 08:05:11 
Apr 29 08:05:12 任务完成成功，获得：480能量
Apr 29 08:05:12 
Apr 29 08:05:12 ******开始【京东账号2】dongjuncly*********
Apr 29 08:05:12 
Apr 29 08:05:12 任务完成成功，获得：480能量
Apr 29 08:05:12 
Apr 29 08:05:12 ******开始【京东账号3】jd_5ae6176884a9d*********
Apr 29 08:05:12 
Apr 29 08:05:12 任务完成成功，获得：480能量
Apr 29 08:05:12 
Apr 29 08:05:12 🔔东东健康社区收集能量收集, 结束! 🕛 0.641 秒
Apr 29 08:05:12 
Apr 29 08:25:27 
Apr 29 08:25:27 🔔东东健康社区收集能量收集, 开始!
Apr 29 08:25:27 
Apr 29 08:25:27 ====================共3个京东账号Cookie=========
Apr 29 08:25:27 
Apr 29 08:25:28 ==================脚本执行- 北京时间(UTC+8)：4/29/2021, 8:25:27 AM=====================
Apr 29 08:25:28 
Apr 29 08:25:28 
Apr 29 08:25:28 ******开始【京东账号1】dongjun613*********
Apr 29 08:25:28 
Apr 29 08:25:28 任务完成成功，获得：480能量
Apr 29 08:25:28 
Apr 29 08:25:28 ******开始【京东账号2】dongjuncly*********
Apr 29 08:25:28 
Apr 29 08:25:28 任务完成成功，获得：480能量
Apr 29 08:25:28 
Apr 29 08:25:28 ******开始【京东账号3】jd_5ae6176884a9d*********
Apr 29 08:25:28 
Apr 29 08:25:28 任务完成成功，获得：480能量
Apr 29 08:25:28 
Apr 29 08:25:28 🔔东东健康社区收集能量收集, 结束! 🕛 0.678 秒
Apr 29 08:25:28 
Apr 29 08:45:04 
Apr 29 08:45:04 🔔东东健康社区收集能量收集, 开始!
Apr 29 08:45:04 
Apr 29 08:45:04 ====================共3个京东账号Cookie=========
Apr 29 08:45:04 
Apr 29 08:45:04 ==================脚本执行- 北京时间(UTC+8)：4/29/2021, 8:45:04 AM=====================
Apr 29 08:45:04 
Apr 29 08:45:04 
Apr 29 08:45:04 ******开始【京东账号1】dongjun613*********
Apr 29 08:45:04 
Apr 29 08:45:05 任务完成成功，获得：470能量
Apr 29 08:45:05 
Apr 29 08:45:05 ******开始【京东账号2】dongjuncly*********
Apr 29 08:45:05 
Apr 29 08:45:05 任务完成成功，获得：470能量
Apr 29 08:45:05 
Apr 29 08:45:05 ******开始【京东账号3】jd_5ae6176884a9d*********
Apr 29 08:45:05 
Apr 29 08:45:05 任务完成成功，获得：470能量
Apr 29 08:45:05 
Apr 29 08:45:05 🔔东东健康社区收集能量收集, 结束! 🕛 0.672 秒
Apr 29 08:45:05 
Apr 29 09:05:04 
Apr 29 09:05:04 🔔东东健康社区收集能量收集, 开始!
Apr 29 09:05:04 
Apr 29 09:05:04 ====================共3个京东账号Cookie=========
Apr 29 09:05:04 
Apr 29 09:05:04 ==================脚本执行- 北京时间(UTC+8)：4/29/2021, 9:05:04 AM=====================
Apr 29 09:05:04 
Apr 29 09:05:04 
Apr 29 09:05:04 ******开始【京东账号1】dongjun613*********
Apr 29 09:05:04 
Apr 29 09:05:04 任务完成成功，获得：478能量
Apr 29 09:05:04 
Apr 29 09:05:04 ******开始【京东账号2】dongjuncly*********
Apr 29 09:05:04 
Apr 29 09:05:04 任务完成成功，获得：478能量
Apr 29 09:05:04 
Apr 29 09:05:04 ******开始【京东账号3】jd_5ae6176884a9d*********
Apr 29 09:05:04 
Apr 29 09:05:04 任务完成成功，获得：478能量
Apr 29 09:05:04 
Apr 29 09:05:04 🔔东东健康社区收集能量收集, 结束! 🕛 0.66 秒
Apr 29 09:05:04 
Apr 29 09:25:13 
Apr 29 09:25:13 🔔东东健康社区收集能量收集, 开始!
Apr 29 09:25:13 
Apr 29 09:25:13 ====================共3个京东账号Cookie=========
Apr 29 09:25:13 
Apr 29 09:25:13 ==================脚本执行- 北京时间(UTC+8)：4/29/2021, 9:25:13 AM=====================
Apr 29 09:25:13 
Apr 29 09:25:13 
Apr 29 09:25:13 ******开始【京东账号1】dongjun613*********
Apr 29 09:25:13 
Apr 29 09:25:13 任务完成成功，获得：480能量
Apr 29 09:25:13 
Apr 29 09:25:13 ******开始【京东账号2】dongjuncly*********
Apr 29 09:25:13 
Apr 29 09:25:13 任务完成成功，获得：480能量
Apr 29 09:25:13 
Apr 29 09:25:13 ******开始【京东账号3】jd_5ae6176884a9d*********
Apr 29 09:25:13 
Apr 29 09:25:13 任务完成成功，获得：480能量
Apr 29 09:25:13 
Apr 29 09:25:13 🔔东东健康社区收集能量收集, 结束! 🕛 0.661 秒
Apr 29 09:25:13 
Apr 29 09:45:26 
Apr 29 09:45:26 🔔东东健康社区收集能量收集, 开始!
Apr 29 09:45:26 
Apr 29 09:45:26 ====================共3个京东账号Cookie=========
Apr 29 09:45:26 
Apr 29 09:45:26 ==================脚本执行- 北京时间(UTC+8)：4/29/2021, 9:45:26 AM=====================
Apr 29 09:45:26 
Apr 29 09:45:26 
Apr 29 09:45:26 ******开始【京东账号1】dongjun613*********
Apr 29 09:45:26 
Apr 29 09:45:26 任务完成成功，获得：480能量
Apr 29 09:45:26 
Apr 29 09:45:26 ******开始【京东账号2】dongjuncly*********
Apr 29 09:45:26 
Apr 29 09:45:26 任务完成成功，获得：480能量
Apr 29 09:45:26 
Apr 29 09:45:26 ******开始【京东账号3】jd_5ae6176884a9d*********
Apr 29 09:45:26 
Apr 29 09:45:26 任务完成成功，获得：480能量
Apr 29 09:45:26 
Apr 29 09:45:26 🔔东东健康社区收集能量收集, 结束! 🕛 0.682 秒
Apr 29 09:45:26 
Apr 29 10:05:28 
Apr 29 10:05:28 🔔东东健康社区收集能量收集, 开始!
Apr 29 10:05:28 
Apr 29 10:05:28 ====================共3个京东账号Cookie=========
Apr 29 10:05:28 
Apr 29 10:05:28 ==================脚本执行- 北京时间(UTC+8)：4/29/2021, 10:05:28 AM=====================
Apr 29 10:05:28 
Apr 29 10:05:28 
Apr 29 10:05:28 ******开始【京东账号1】dongjun613*********
Apr 29 10:05:28 
Apr 29 10:05:28 任务完成成功，获得：480能量
Apr 29 10:05:28 
Apr 29 10:05:28 ******开始【京东账号2】dongjuncly*********
Apr 29 10:05:28 
Apr 29 10:05:28 任务完成成功，获得：480能量
Apr 29 10:05:28 
Apr 29 10:05:28 ******开始【京东账号3】jd_5ae6176884a9d*********
Apr 29 10:05:28 
Apr 29 10:05:28 任务完成成功，获得：480能量
Apr 29 10:05:28 
Apr 29 10:05:28 🔔东东健康社区收集能量收集, 结束! 🕛 0.661 秒
Apr 29 10:05:28 
Apr 29 10:25:17 
Apr 29 10:25:17 🔔东东健康社区收集能量收集, 开始!
Apr 29 10:25:17 
Apr 29 10:25:17 ====================共3个京东账号Cookie=========
Apr 29 10:25:17 
Apr 29 10:25:17 ==================脚本执行- 北京时间(UTC+8)：4/29/2021, 10:25:17 AM=====================
Apr 29 10:25:17 
Apr 29 10:25:17 
Apr 29 10:25:17 ******开始【京东账号1】dongjun613*********
Apr 29 10:25:17 
Apr 29 10:25:17 任务完成成功，获得：474能量
Apr 29 10:25:17 
Apr 29 10:25:17 ******开始【京东账号2】dongjuncly*********
Apr 29 10:25:17 
Apr 29 10:25:17 任务完成成功，获得：474能量
Apr 29 10:25:17 
Apr 29 10:25:17 ******开始【京东账号3】jd_5ae6176884a9d*********
Apr 29 10:25:17 
Apr 29 10:25:17 任务完成成功，获得：474能量
Apr 29 10:25:17 
Apr 29 10:25:17 🔔东东健康社区收集能量收集, 结束! 🕛 0.648 秒
Apr 29 10:25:17 
